# JRE version: OpenJDK Runtime Environment Temurin-21.0.10+7 (21.0.10+7) (build 21.0.10+7-LTS)
# Java VM: OpenJDK 64-Bit Server VM Temurin-21.0.10+7 (21.0.10+7-LTS, mixed mode, sharing, tiered, compressed oops, compressed class ptrs, parallel gc, windows-amd64)
GC Precious Log:
 CardTable entry size: 512
 CPUs: 12 total, 12 available
 Memory: 16024M
 Large Page Support: Disabled
 NUMA Support: Disabled
 Compressed Oops: Enabled (32-bit)
 Alignments: Space 512K, Generation 512K, Heap 2M
 Heap Min Capacity: 100M
 Heap Initial Capacity: 100M
 Heap Max Capacity: 2G
 Pre-touch: Disabled
 Parallel Workers: 10
Heap:
 PSYoungGen      total 6144K, used 1023K [0x00000000d5580000, 0x00000000d5c80000, 0x0000000100000000)
  eden space 5120K, 0% used [0x00000000d5580000,0x00000000d5580000,0x00000000d5a80000)
  from space 1024K, 99% used [0x00000000d5a80000,0x00000000d5b7fde8,0x00000000d5b80000)
  to   space 1024K, 0% used [0x00000000d5b80000,0x00000000d5b80000,0x00000000d5c80000)
 ParOldGen       total 113152K, used 112697K [0x0000000080000000, 0x0000000086e80000, 0x00000000d5580000)
  object space 113152K, 99% used [0x0000000080000000,0x0000000086e0e550,0x0000000086e80000)
 Metaspace       used 64704K, committed 66176K, reserved 1114112K
  class space    used 6887K, committed 7552K, reserved 1048576K
GC Heap History (20 events):
Event: 21.462 GC heap after
{Heap after GC invocations=100 (full 3):
 PSYoungGen      total 6656K, used 890K [0x00000000d5580000, 0x00000000d5d00000, 0x0000000100000000)
  eden space 5632K, 0% used [0x00000000d5580000,0x00000000d5580000,0x00000000d5b00000)
  from space 1024K, 87% used [0x00000000d5b00000,0x00000000d5bdebc0,0x00000000d5c00000)
  to   space 1024K, 0% used [0x00000000d5c00000,0x00000000d5c00000,0x00000000d5d00000)
 ParOldGen       total 105472K, used 105349K [0x0000000080000000, 0x0000000086700000, 0x00000000d5580000)
  object space 105472K, 99% used [0x0000000080000000,0x00000000866e1520,0x0000000086700000)
 Metaspace       used 64578K, committed 66112K, reserved 1114112K
  class space    used 6877K, committed 7552K, reserved 1048576K
}
Event: 21.473 GC heap before
{Heap before GC invocations=101 (full 3):
 PSYoungGen      total 6656K, used 6522K [0x00000000d5580000, 0x00000000d5d00000, 0x0000000100000000)
  eden space 5632K, 100% used [0x00000000d5580000,0x00000000d5b00000,0x00000000d5b00000)
  from space 1024K, 87% used [0x00000000d5b00000,0x00000000d5bdebc0,0x00000000d5c00000)
  to   space 1024K, 0% used [0x00000000d5c00000,0x00000000d5c00000,0x00000000d5d00000)
 ParOldGen       total 105472K, used 105349K [0x0000000080000000, 0x0000000086700000, 0x00000000d5580000)
  object space 105472K, 99% used [0x0000000080000000,0x00000000866e1520,0x0000000086700000)
 Metaspace       used 64593K, committed 66112K, reserved 1114112K
  class space    used 6877K, committed 7552K, reserved 1048576K
}
Event: 21.474 GC heap after
{Heap after GC invocations=101 (full 3):
 PSYoungGen      total 6656K, used 800K [0x00000000d5580000, 0x00000000d5d00000, 0x0000000100000000)
  eden space 5632K, 0% used [0x00000000d5580000,0x00000000d5580000,0x00000000d5b00000)
  from space 1024K, 78% used [0x00000000d5c00000,0x00000000d5cc8000,0x00000000d5d00000)
  to   space 1024K, 0% used [0x00000000d5b00000,0x00000000d5b00000,0x00000000d5c00000)
 ParOldGen       total 106496K, used 106105K [0x0000000080000000, 0x0000000086800000, 0x00000000d5580000)
  object space 106496K, 99% used [0x0000000080000000,0x000000008679e660,0x0000000086800000)
 Metaspace       used 64593K, committed 66112K, reserved 1114112K
  class space    used 6877K, committed 7552K, reserved 1048576K
}
Event: 21.486 GC heap before
{Heap before GC invocations=102 (full 3):
 PSYoungGen      total 6656K, used 6432K [0x00000000d5580000, 0x00000000d5d00000, 0x0000000100000000)
  eden space 5632K, 100% used [0x00000000d5580000,0x00000000d5b00000,0x00000000d5b00000)
  from space 1024K, 78% used [0x00000000d5c00000,0x00000000d5cc8000,0x00000000d5d00000)
  to   space 1024K, 0% used [0x00000000d5b00000,0x00000000d5b00000,0x00000000d5c00000)
 ParOldGen       total 106496K, used 106105K [0x0000000080000000, 0x0000000086800000, 0x00000000d5580000)
  object space 106496K, 99% used [0x0000000080000000,0x000000008679e660,0x0000000086800000)
 Metaspace       used 64596K, committed 66112K, reserved 1114112K
  class space    used 6877K, committed 7552K, reserved 1048576K
}
Event: 21.487 GC heap after
{Heap after GC invocations=102 (full 3):
 PSYoungGen      total 6656K, used 752K [0x00000000d5580000, 0x00000000d5d00000, 0x0000000100000000)
  eden space 5632K, 0% used [0x00000000d5580000,0x00000000d5580000,0x00000000d5b00000)
  from space 1024K, 73% used [0x00000000d5b00000,0x00000000d5bbc010,0x00000000d5c00000)
  to   space 1024K, 0% used [0x00000000d5c00000,0x00000000d5c00000,0x00000000d5d00000)
 ParOldGen       total 107008K, used 106753K [0x0000000080000000, 0x0000000086880000, 0x00000000d5580000)
  object space 107008K, 99% used [0x0000000080000000,0x00000000868404e0,0x0000000086880000)
 Metaspace       used 64596K, committed 66112K, reserved 1114112K
  class space    used 6877K, committed 7552K, reserved 1048576K
}
Event: 21.502 GC heap before
{Heap before GC invocations=103 (full 3):
 PSYoungGen      total 6656K, used 6384K [0x00000000d5580000, 0x00000000d5d00000, 0x0000000100000000)
  eden space 5632K, 100% used [0x00000000d5580000,0x00000000d5b00000,0x00000000d5b00000)
  from space 1024K, 73% used [0x00000000d5b00000,0x00000000d5bbc010,0x00000000d5c00000)
  to   space 1024K, 0% used [0x00000000d5c00000,0x00000000d5c00000,0x00000000d5d00000)
 ParOldGen       total 107008K, used 106753K [0x0000000080000000, 0x0000000086880000, 0x00000000d5580000)
  object space 107008K, 99% used [0x0000000080000000,0x0000000086840500,0x0000000086880000)
 Metaspace       used 64606K, committed 66112K, reserved 1114112K
  class space    used 6879K, committed 7552K, reserved 1048576K
}
Event: 21.504 GC heap after
{Heap after GC invocations=103 (full 3):
 PSYoungGen      total 6656K, used 866K [0x00000000d5580000, 0x00000000d5d00000, 0x0000000100000000)
  eden space 5632K, 0% used [0x00000000d5580000,0x00000000d5580000,0x00000000d5b00000)
  from space 1024K, 84% used [0x00000000d5c00000,0x00000000d5cd8978,0x00000000d5d00000)
  to   space 1024K, 0% used [0x00000000d5b00000,0x00000000d5b00000,0x00000000d5c00000)
 ParOldGen       total 107520K, used 107353K [0x0000000080000000, 0x0000000086900000, 0x00000000d5580000)
  object space 107520K, 99% used [0x0000000080000000,0x00000000868d67b0,0x0000000086900000)
 Metaspace       used 64606K, committed 66112K, reserved 1114112K
  class space    used 6879K, committed 7552K, reserved 1048576K
}
Event: 21.514 GC heap before
{Heap before GC invocations=104 (full 3):
 PSYoungGen      total 6656K, used 6498K [0x00000000d5580000, 0x00000000d5d00000, 0x0000000100000000)
  eden space 5632K, 100% used [0x00000000d5580000,0x00000000d5b00000,0x00000000d5b00000)
  from space 1024K, 84% used [0x00000000d5c00000,0x00000000d5cd8978,0x00000000d5d00000)
  to   space 1024K, 0% used [0x00000000d5b00000,0x00000000d5b00000,0x00000000d5c00000)
 ParOldGen       total 107520K, used 107470K [0x0000000080000000, 0x0000000086900000, 0x00000000d5580000)
  object space 107520K, 99% used [0x0000000080000000,0x00000000868f3b98,0x0000000086900000)
 Metaspace       used 64615K, committed 66112K, reserved 1114112K
  class space    used 6880K, committed 7552K, reserved 1048576K
}
Event: 21.515 GC heap after
{Heap after GC invocations=104 (full 3):
 PSYoungGen      total 6656K, used 800K [0x00000000d5580000, 0x00000000d5d00000, 0x0000000100000000)
  eden space 5632K, 0% used [0x00000000d5580000,0x00000000d5580000,0x00000000d5b00000)
  from space 1024K, 78% used [0x00000000d5b00000,0x00000000d5bc8020,0x00000000d5c00000)
  to   space 1024K, 0% used [0x00000000d5c00000,0x00000000d5c00000,0x00000000d5d00000)
 ParOldGen       total 108544K, used 108198K [0x0000000080000000, 0x0000000086a00000, 0x00000000d5580000)
  object space 108544K, 99% used [0x0000000080000000,0x00000000869a9a80,0x0000000086a00000)
 Metaspace       used 64615K, committed 66112K, reserved 1114112K
  class space    used 6880K, committed 7552K, reserved 1048576K
}
Event: 21.529 GC heap before
{Heap before GC invocations=105 (full 3):
 PSYoungGen      total 6656K, used 6432K [0x00000000d5580000, 0x00000000d5d00000, 0x0000000100000000)
  eden space 5632K, 100% used [0x00000000d5580000,0x00000000d5b00000,0x00000000d5b00000)
  from space 1024K, 78% used [0x00000000d5b00000,0x00000000d5bc8020,0x00000000d5c00000)
  to   space 1024K, 0% used [0x00000000d5c00000,0x00000000d5c00000,0x00000000d5d00000)
 ParOldGen       total 108544K, used 108198K [0x0000000080000000, 0x0000000086a00000, 0x00000000d5580000)
  object space 108544K, 99% used [0x0000000080000000,0x00000000869a9a80,0x0000000086a00000)
 Metaspace       used 64627K, committed 66112K, reserved 1114112K
  class space    used 6880K, committed 7552K, reserved 1048576K
}
Event: 21.530 GC heap after
{Heap after GC invocations=105 (full 3):
 PSYoungGen      total 6656K, used 931K [0x00000000d5580000, 0x00000000d5d00000, 0x0000000100000000)
  eden space 5632K, 0% used [0x00000000d5580000,0x00000000d5580000,0x00000000d5b00000)
  from space 1024K, 90% used [0x00000000d5c00000,0x00000000d5ce8f00,0x00000000d5d00000)
  to   space 1024K, 0% used [0x00000000d5b00000,0x00000000d5b00000,0x00000000d5c00000)
 ParOldGen       total 109056K, used 108860K [0x0000000080000000, 0x0000000086a80000, 0x00000000d5580000)
  object space 109056K, 99% used [0x0000000080000000,0x0000000086a4f0d0,0x0000000086a80000)
 Metaspace       used 64627K, committed 66112K, reserved 1114112K
  class space    used 6880K, committed 7552K, reserved 1048576K
}
Event: 21.543 GC heap before
{Heap before GC invocations=106 (full 3):
 PSYoungGen      total 6656K, used 6550K [0x00000000d5580000, 0x00000000d5d00000, 0x0000000100000000)
  eden space 5632K, 99% used [0x00000000d5580000,0x00000000d5afc980,0x00000000d5b00000)
  from space 1024K, 90% used [0x00000000d5c00000,0x00000000d5ce8f00,0x00000000d5d00000)
  to   space 1024K, 0% used [0x00000000d5b00000,0x00000000d5b00000,0x00000000d5c00000)
 ParOldGen       total 109056K, used 108860K [0x0000000080000000, 0x0000000086a80000, 0x00000000d5580000)
  object space 109056K, 99% used [0x0000000080000000,0x0000000086a4f0d0,0x0000000086a80000)
 Metaspace       used 64650K, committed 66176K, reserved 1114112K
  class space    used 6880K, committed 7552K, reserved 1048576K
}
Event: 21.544 GC heap after
{Heap after GC invocations=106 (full 3):
 PSYoungGen      total 6656K, used 779K [0x00000000d5580000, 0x00000000d5d00000, 0x0000000100000000)
  eden space 5632K, 0% used [0x00000000d5580000,0x00000000d5580000,0x00000000d5b00000)
  from space 1024K, 76% used [0x00000000d5b00000,0x00000000d5bc2cb8,0x00000000d5c00000)
  to   space 1024K, 0% used [0x00000000d5c00000,0x00000000d5c00000,0x00000000d5d00000)
 ParOldGen       total 110080K, used 109581K [0x0000000080000000, 0x0000000086b80000, 0x00000000d5580000)
  object space 110080K, 99% used [0x0000000080000000,0x0000000086b035e0,0x0000000086b80000)
 Metaspace       used 64650K, committed 66176K, reserved 1114112K
  class space    used 6880K, committed 7552K, reserved 1048576K
}
Event: 21.558 GC heap before
{Heap before GC invocations=107 (full 3):
 PSYoungGen      total 6656K, used 6411K [0x00000000d5580000, 0x00000000d5d00000, 0x0000000100000000)
  eden space 5632K, 100% used [0x00000000d5580000,0x00000000d5b00000,0x00000000d5b00000)
  from space 1024K, 76% used [0x00000000d5b00000,0x00000000d5bc2cb8,0x00000000d5c00000)
  to   space 1024K, 0% used [0x00000000d5c00000,0x00000000d5c00000,0x00000000d5d00000)
 ParOldGen       total 110080K, used 109581K [0x0000000080000000, 0x0000000086b80000, 0x00000000d5580000)
  object space 110080K, 99% used [0x0000000080000000,0x0000000086b035e0,0x0000000086b80000)
 Metaspace       used 64661K, committed 66176K, reserved 1114112K
  class space    used 6880K, committed 7552K, reserved 1048576K
}
Event: 21.560 GC heap after
{Heap after GC invocations=107 (full 3):
 PSYoungGen      total 6144K, used 1005K [0x00000000d5580000, 0x00000000d5e00000, 0x0000000100000000)
  eden space 5120K, 0% used [0x00000000d5580000,0x00000000d5580000,0x00000000d5a80000)
  from space 1024K, 98% used [0x00000000d5c00000,0x00000000d5cfb4a0,0x00000000d5d00000)
  to   space 1536K, 0% used [0x00000000d5a80000,0x00000000d5a80000,0x00000000d5c00000)
 ParOldGen       total 110592K, used 110224K [0x0000000080000000, 0x0000000086c00000, 0x00000000d5580000)
  object space 110592K, 99% used [0x0000000080000000,0x0000000086ba4088,0x0000000086c00000)
 Metaspace       used 64661K, committed 66176K, reserved 1114112K
  class space    used 6880K, committed 7552K, reserved 1048576K
}
Event: 21.575 GC heap before
{Heap before GC invocations=108 (full 3):
 PSYoungGen      total 6144K, used 6120K [0x00000000d5580000, 0x00000000d5e00000, 0x0000000100000000)
  eden space 5120K, 99% used [0x00000000d5580000,0x00000000d5a7ef18,0x00000000d5a80000)
  from space 1024K, 98% used [0x00000000d5c00000,0x00000000d5cfb4a0,0x00000000d5d00000)
  to   space 1536K, 0% used [0x00000000d5a80000,0x00000000d5a80000,0x00000000d5c00000)
 ParOldGen       total 110592K, used 110224K [0x0000000080000000, 0x0000000086c00000, 0x00000000d5580000)
  object space 110592K, 99% used [0x0000000080000000,0x0000000086ba4088,0x0000000086c00000)
 Metaspace       used 64667K, committed 66176K, reserved 1114112K
  class space    used 6880K, committed 7552K, reserved 1048576K
}
Event: 21.576 GC heap after
{Heap after GC invocations=108 (full 3):
 PSYoungGen      total 6144K, used 795K [0x00000000d5580000, 0x00000000d5c80000, 0x0000000100000000)
  eden space 5120K, 0% used [0x00000000d5580000,0x00000000d5580000,0x00000000d5a80000)
  from space 1024K, 77% used [0x00000000d5a80000,0x00000000d5b46fb8,0x00000000d5b80000)
  to   space 1024K, 0% used [0x00000000d5b80000,0x00000000d5b80000,0x00000000d5c80000)
 ParOldGen       total 111104K, used 111055K [0x0000000080000000, 0x0000000086c80000, 0x00000000d5580000)
  object space 111104K, 99% used [0x0000000080000000,0x0000000086c73fd0,0x0000000086c80000)
 Metaspace       used 64667K, committed 66176K, reserved 1114112K
  class space    used 6880K, committed 7552K, reserved 1048576K
}
Event: 21.595 GC heap before
{Heap before GC invocations=109 (full 3):
 PSYoungGen      total 6144K, used 5915K [0x00000000d5580000, 0x00000000d5c80000, 0x0000000100000000)
  eden space 5120K, 100% used [0x00000000d5580000,0x00000000d5a80000,0x00000000d5a80000)
  from space 1024K, 77% used [0x00000000d5a80000,0x00000000d5b46fb8,0x00000000d5b80000)
  to   space 1024K, 0% used [0x00000000d5b80000,0x00000000d5b80000,0x00000000d5c80000)
 ParOldGen       total 111104K, used 111055K [0x0000000080000000, 0x0000000086c80000, 0x00000000d5580000)
  object space 111104K, 99% used [0x0000000080000000,0x0000000086c73fd0,0x0000000086c80000)
 Metaspace       used 64672K, committed 66176K, reserved 1114112K
  class space    used 6880K, committed 7552K, reserved 1048576K
}
Event: 23.597 GC heap after
{Heap after GC invocations=109 (full 3):
 PSYoungGen      total 6144K, used 999K [0x00000000d5580000, 0x00000000d5c80000, 0x0000000100000000)
  eden space 5120K, 0% used [0x00000000d5580000,0x00000000d5580000,0x00000000d5a80000)
  from space 1024K, 97% used [0x00000000d5b80000,0x00000000d5c79d60,0x00000000d5c80000)
  to   space 1024K, 0% used [0x00000000d5a80000,0x00000000d5a80000,0x00000000d5b80000)
 ParOldGen       total 112128K, used 111733K [0x0000000080000000, 0x0000000086d80000, 0x00000000d5580000)
  object space 112128K, 99% used [0x0000000080000000,0x0000000086d1d568,0x0000000086d80000)
 Metaspace       used 64672K, committed 66176K, reserved 1114112K
  class space    used 6880K, committed 7552K, reserved 1048576K
}
Event: 23.608 GC heap before
{Heap before GC invocations=110 (full 3):
 PSYoungGen      total 6144K, used 6119K [0x00000000d5580000, 0x00000000d5c80000, 0x0000000100000000)
  eden space 5120K, 100% used [0x00000000d5580000,0x00000000d5a80000,0x00000000d5a80000)
  from space 1024K, 97% used [0x00000000d5b80000,0x00000000d5c79d60,0x00000000d5c80000)
  to   space 1024K, 0% used [0x00000000d5a80000,0x00000000d5a80000,0x00000000d5b80000)
 ParOldGen       total 112128K, used 111733K [0x0000000080000000, 0x0000000086d80000, 0x00000000d5580000)
  object space 112128K, 99% used [0x0000000080000000,0x0000000086d1d568,0x0000000086d80000)
 Metaspace       used 64704K, committed 66176K, reserved 1114112K
  class space    used 6887K, committed 7552K, reserved 1048576K
}

