# JRE version: Java(TM) SE Runtime Environment (21.0.10+8) (build 21.0.10+8-LTS-217)
# Java VM: Java HotSpot(TM) 64-Bit Server VM (21.0.10+8-LTS-217, mixed mode, sharing, tiered, compressed oops, compressed class ptrs, parallel gc, windows-amd64)
GC Precious Log:
 CardTable entry size: 512
 CPUs: 12 total, 12 available
 Memory: 16024M
 Large Page Support: Disabled
 NUMA Support: Disabled
 Compressed Oops: Enabled (32-bit)
 Alignments: Space 512K, Generation 512K, Heap 2M
 Heap Min Capacity: 100M
 Heap Initial Capacity: 100M
 Heap Max Capacity: 2G
 Pre-touch: Disabled
 Parallel Workers: 10
Heap:
 PSYoungGen      total 20480K, used 10745K [0x00000000d5580000, 0x00000000d7600000, 0x0000000100000000)
  eden space 9728K, 0% used [0x00000000d5580000,0x00000000d5580000,0x00000000d5f00000)
  from space 10752K, 99% used [0x00000000d6b80000,0x00000000d75fe560,0x00000000d7600000)
  to   space 11776K, 0% used [0x00000000d6000000,0x00000000d6000000,0x00000000d6b80000)
 ParOldGen       total 120320K, used 112909K [0x0000000080000000, 0x0000000087580000, 0x00000000d5580000)
  object space 120320K, 93% used [0x0000000080000000,0x0000000086e43490,0x0000000087580000)
 Metaspace       used 68117K, committed 69696K, reserved 1114112K
  class space    used 6775K, committed 7552K, reserved 1048576K
GC Heap History (20 events):
Event: 2306.854 GC heap after
{Heap after GC invocations=477 (full 22):
 PSYoungGen      total 17920K, used 12201K [0x00000000d5580000, 0x00000000d7500000, 0x0000000100000000)
  eden space 5632K, 0% used [0x00000000d5580000,0x00000000d5580000,0x00000000d5b00000)
  from space 12288K, 99% used [0x00000000d6900000,0x00000000d74ea430,0x00000000d7500000)
  to   space 12800K, 0% used [0x00000000d5c00000,0x00000000d5c00000,0x00000000d6880000)
 ParOldGen       total 132096K, used 122631K [0x0000000080000000, 0x0000000088100000, 0x00000000d5580000)
  object space 132096K, 92% used [0x0000000080000000,0x00000000877c1f08,0x0000000088100000)
 Metaspace       used 67988K, committed 69504K, reserved 1114112K
  class space    used 6775K, committed 7552K, reserved 1048576K
}
Event: 2306.909 GC heap before
{Heap before GC invocations=478 (full 22):
 PSYoungGen      total 17920K, used 17805K [0x00000000d5580000, 0x00000000d7500000, 0x0000000100000000)
  eden space 5632K, 99% used [0x00000000d5580000,0x00000000d5af9370,0x00000000d5b00000)
  from space 12288K, 99% used [0x00000000d6900000,0x00000000d74ea430,0x00000000d7500000)
  to   space 12800K, 0% used [0x00000000d5c00000,0x00000000d5c00000,0x00000000d6880000)
 ParOldGen       total 132096K, used 122631K [0x0000000080000000, 0x0000000088100000, 0x00000000d5580000)
  object space 132096K, 92% used [0x0000000080000000,0x00000000877c1f08,0x0000000088100000)
 Metaspace       used 67988K, committed 69504K, reserved 1114112K
  class space    used 6775K, committed 7552K, reserved 1048576K
}
Event: 2306.915 GC heap after
{Heap after GC invocations=478 (full 22):
 PSYoungGen      total 19456K, used 12772K [0x00000000d5580000, 0x00000000d7b00000, 0x0000000100000000)
  eden space 6656K, 0% used [0x00000000d5580000,0x00000000d5580000,0x00000000d5c00000)
  from space 12800K, 99% used [0x00000000d5c00000,0x00000000d6879340,0x00000000d6880000)
  to   space 15872K, 0% used [0x00000000d6b80000,0x00000000d6b80000,0x00000000d7b00000)
 ParOldGen       total 132096K, used 125023K [0x0000000080000000, 0x0000000088100000, 0x00000000d5580000)
  object space 132096K, 94% used [0x0000000080000000,0x0000000087a17f08,0x0000000088100000)
 Metaspace       used 67988K, committed 69504K, reserved 1114112K
  class space    used 6775K, committed 7552K, reserved 1048576K
}
Event: 2306.951 GC heap before
{Heap before GC invocations=479 (full 22):
 PSYoungGen      total 19456K, used 19428K [0x00000000d5580000, 0x00000000d7b00000, 0x0000000100000000)
  eden space 6656K, 100% used [0x00000000d5580000,0x00000000d5c00000,0x00000000d5c00000)
  from space 12800K, 99% used [0x00000000d5c00000,0x00000000d6879340,0x00000000d6880000)
  to   space 15872K, 0% used [0x00000000d6b80000,0x00000000d6b80000,0x00000000d7b00000)
 ParOldGen       total 132096K, used 125023K [0x0000000080000000, 0x0000000088100000, 0x00000000d5580000)
  object space 132096K, 94% used [0x0000000080000000,0x0000000087a17f08,0x0000000088100000)
 Metaspace       used 67988K, committed 69504K, reserved 1114112K
  class space    used 6775K, committed 7552K, reserved 1048576K
}
Event: 2306.958 GC heap after
{Heap after GC invocations=479 (full 22):
 PSYoungGen      total 18944K, used 11191K [0x00000000d5580000, 0x00000000d7680000, 0x0000000100000000)
  eden space 7680K, 0% used [0x00000000d5580000,0x00000000d5580000,0x00000000d5d00000)
  from space 11264K, 99% used [0x00000000d6b80000,0x00000000d766dff8,0x00000000d7680000)
  to   space 12800K, 0% used [0x00000000d5d80000,0x00000000d5d80000,0x00000000d6a00000)
 ParOldGen       total 133632K, used 133415K [0x0000000080000000, 0x0000000088280000, 0x00000000d5580000)
  object space 133632K, 99% used [0x0000000080000000,0x0000000088249f08,0x0000000088280000)
 Metaspace       used 67988K, committed 69504K, reserved 1114112K
  class space    used 6775K, committed 7552K, reserved 1048576K
}
Event: 2306.958 GC heap before
{Heap before GC invocations=480 (full 23):
 PSYoungGen      total 18944K, used 11191K [0x00000000d5580000, 0x00000000d7680000, 0x0000000100000000)
  eden space 7680K, 0% used [0x00000000d5580000,0x00000000d5580000,0x00000000d5d00000)
  from space 11264K, 99% used [0x00000000d6b80000,0x00000000d766dff8,0x00000000d7680000)
  to   space 12800K, 0% used [0x00000000d5d80000,0x00000000d5d80000,0x00000000d6a00000)
 ParOldGen       total 133632K, used 133415K [0x0000000080000000, 0x0000000088280000, 0x00000000d5580000)
  object space 133632K, 99% used [0x0000000080000000,0x0000000088249f08,0x0000000088280000)
 Metaspace       used 67988K, committed 69504K, reserved 1114112K
  class space    used 6775K, committed 7552K, reserved 1048576K
}
Event: 2307.005 GC heap after
{Heap after GC invocations=480 (full 23):
 PSYoungGen      total 20992K, used 0K [0x00000000d5580000, 0x00000000d7700000, 0x0000000100000000)
  eden space 8192K, 0% used [0x00000000d5580000,0x00000000d5580000,0x00000000d5d80000)
  from space 12800K, 0% used [0x00000000d5d80000,0x00000000d5d80000,0x00000000d6a00000)
  to   space 12800K, 0% used [0x00000000d6a80000,0x00000000d6a80000,0x00000000d7700000)
 ParOldGen       total 120320K, used 74016K [0x0000000080000000, 0x0000000087580000, 0x00000000d5580000)
  object space 120320K, 61% used [0x0000000080000000,0x0000000084848000,0x0000000087580000)
 Metaspace       used 67988K, committed 69504K, reserved 1114112K
  class space    used 6775K, committed 7552K, reserved 1048576K
}
Event: 2307.034 GC heap before
{Heap before GC invocations=481 (full 23):
 PSYoungGen      total 20992K, used 8086K [0x00000000d5580000, 0x00000000d7700000, 0x0000000100000000)
  eden space 8192K, 98% used [0x00000000d5580000,0x00000000d5d65828,0x00000000d5d80000)
  from space 12800K, 0% used [0x00000000d5d80000,0x00000000d5d80000,0x00000000d6a00000)
  to   space 12800K, 0% used [0x00000000d6a80000,0x00000000d6a80000,0x00000000d7700000)
 ParOldGen       total 120320K, used 74016K [0x0000000080000000, 0x0000000087580000, 0x00000000d5580000)
  object space 120320K, 61% used [0x0000000080000000,0x0000000084848000,0x0000000087580000)
 Metaspace       used 67988K, committed 69504K, reserved 1114112K
  class space    used 6775K, committed 7552K, reserved 1048576K
}
Event: 2307.037 GC heap after
{Heap after GC invocations=481 (full 23):
 PSYoungGen      total 17408K, used 7703K [0x00000000d5580000, 0x00000000d7280000, 0x0000000100000000)
  eden space 9216K, 0% used [0x00000000d5580000,0x00000000d5580000,0x00000000d5e80000)
  from space 8192K, 94% used [0x00000000d6a80000,0x00000000d7205c20,0x00000000d7280000)
  to   space 9728K, 0% used [0x00000000d5f80000,0x00000000d5f80000,0x00000000d6900000)
 ParOldGen       total 120320K, used 74016K [0x0000000080000000, 0x0000000087580000, 0x00000000d5580000)
  object space 120320K, 61% used [0x0000000080000000,0x0000000084848000,0x0000000087580000)
 Metaspace       used 67988K, committed 69504K, reserved 1114112K
  class space    used 6775K, committed 7552K, reserved 1048576K
}
Event: 2307.090 GC heap before
{Heap before GC invocations=482 (full 23):
 PSYoungGen      total 17408K, used 16913K [0x00000000d5580000, 0x00000000d7280000, 0x0000000100000000)
  eden space 9216K, 99% used [0x00000000d5580000,0x00000000d5e7eaa0,0x00000000d5e80000)
  from space 8192K, 94% used [0x00000000d6a80000,0x00000000d7205c20,0x00000000d7280000)
  to   space 9728K, 0% used [0x00000000d5f80000,0x00000000d5f80000,0x00000000d6900000)
 ParOldGen       total 120320K, used 74016K [0x0000000080000000, 0x0000000087580000, 0x00000000d5580000)
  object space 120320K, 61% used [0x0000000080000000,0x0000000084848000,0x0000000087580000)
 Metaspace       used 68000K, committed 69568K, reserved 1114112K
  class space    used 6775K, committed 7552K, reserved 1048576K
}
Event: 2307.094 GC heap after
{Heap after GC invocations=482 (full 23):
 PSYoungGen      total 19968K, used 9700K [0x00000000d5580000, 0x00000000d7680000, 0x0000000100000000)
  eden space 10240K, 0% used [0x00000000d5580000,0x00000000d5580000,0x00000000d5f80000)
  from space 9728K, 99% used [0x00000000d5f80000,0x00000000d68f90d8,0x00000000d6900000)
  to   space 11776K, 0% used [0x00000000d6b00000,0x00000000d6b00000,0x00000000d7680000)
 ParOldGen       total 120320K, used 75248K [0x0000000080000000, 0x0000000087580000, 0x00000000d5580000)
  object space 120320K, 62% used [0x0000000080000000,0x000000008497c000,0x0000000087580000)
 Metaspace       used 68000K, committed 69568K, reserved 1114112K
  class space    used 6775K, committed 7552K, reserved 1048576K
}
Event: 2307.168 GC heap before
{Heap before GC invocations=483 (full 23):
 PSYoungGen      total 19968K, used 19940K [0x00000000d5580000, 0x00000000d7680000, 0x0000000100000000)
  eden space 10240K, 100% used [0x00000000d5580000,0x00000000d5f80000,0x00000000d5f80000)
  from space 9728K, 99% used [0x00000000d5f80000,0x00000000d68f90d8,0x00000000d6900000)
  to   space 11776K, 0% used [0x00000000d6b00000,0x00000000d6b00000,0x00000000d7680000)
 ParOldGen       total 120320K, used 75248K [0x0000000080000000, 0x0000000087580000, 0x00000000d5580000)
  object space 120320K, 62% used [0x0000000080000000,0x000000008497c000,0x0000000087580000)
 Metaspace       used 68058K, committed 69632K, reserved 1114112K
  class space    used 6775K, committed 7552K, reserved 1048576K
}
Event: 2307.171 GC heap after
{Heap after GC invocations=483 (full 23):
 PSYoungGen      total 21504K, used 11699K [0x00000000d5580000, 0x00000000d7780000, 0x0000000100000000)
  eden space 9728K, 0% used [0x00000000d5580000,0x00000000d5580000,0x00000000d5f00000)
  from space 11776K, 99% used [0x00000000d6b00000,0x00000000d766cd00,0x00000000d7680000)
  to   space 12288K, 0% used [0x00000000d5f00000,0x00000000d5f00000,0x00000000d6b00000)
 ParOldGen       total 120320K, used 75248K [0x0000000080000000, 0x0000000087580000, 0x00000000d5580000)
  object space 120320K, 62% used [0x0000000080000000,0x000000008497c000,0x0000000087580000)
 Metaspace       used 68058K, committed 69632K, reserved 1114112K
  class space    used 6775K, committed 7552K, reserved 1048576K
}
Event: 2307.270 GC heap before
{Heap before GC invocations=484 (full 23):
 PSYoungGen      total 21504K, used 21417K [0x00000000d5580000, 0x00000000d7780000, 0x0000000100000000)
  eden space 9728K, 99% used [0x00000000d5580000,0x00000000d5efd9c0,0x00000000d5f00000)
  from space 11776K, 99% used [0x00000000d6b00000,0x00000000d766cd00,0x00000000d7680000)
  to   space 12288K, 0% used [0x00000000d5f00000,0x00000000d5f00000,0x00000000d6b00000)
 ParOldGen       total 120320K, used 105968K [0x0000000080000000, 0x0000000087580000, 0x00000000d5580000)
  object space 120320K, 88% used [0x0000000080000000,0x000000008677c030,0x0000000087580000)
 Metaspace       used 68071K, committed 69632K, reserved 1114112K
  class space    used 6775K, committed 7552K, reserved 1048576K
}
Event: 2307.274 GC heap after
{Heap after GC invocations=484 (full 23):
 PSYoungGen      total 22016K, used 12264K [0x00000000d5580000, 0x00000000d7c00000, 0x0000000100000000)
  eden space 9728K, 0% used [0x00000000d5580000,0x00000000d5580000,0x00000000d5f00000)
  from space 12288K, 99% used [0x00000000d5f00000,0x00000000d6afa360,0x00000000d6b00000)
  to   space 14848K, 0% used [0x00000000d6d80000,0x00000000d6d80000,0x00000000d7c00000)
 ParOldGen       total 120320K, used 107996K [0x0000000080000000, 0x0000000087580000, 0x00000000d5580000)
  object space 120320K, 89% used [0x0000000080000000,0x0000000086977040,0x0000000087580000)
 Metaspace       used 68071K, committed 69632K, reserved 1114112K
  class space    used 6775K, committed 7552K, reserved 1048576K
}
Event: 2307.314 GC heap before
{Heap before GC invocations=485 (full 23):
 PSYoungGen      total 22016K, used 21992K [0x00000000d5580000, 0x00000000d7c00000, 0x0000000100000000)
  eden space 9728K, 100% used [0x00000000d5580000,0x00000000d5f00000,0x00000000d5f00000)
  from space 12288K, 99% used [0x00000000d5f00000,0x00000000d6afa360,0x00000000d6b00000)
  to   space 14848K, 0% used [0x00000000d6d80000,0x00000000d6d80000,0x00000000d7c00000)
 ParOldGen       total 120320K, used 107996K [0x0000000080000000, 0x0000000087580000, 0x00000000d5580000)
  object space 120320K, 89% used [0x0000000080000000,0x0000000086977040,0x0000000087580000)
 Metaspace       used 68102K, committed 69632K, reserved 1114112K
  class space    used 6775K, committed 7552K, reserved 1048576K
}
Event: 2307.318 GC heap after
{Heap after GC invocations=485 (full 23):
 PSYoungGen      total 20480K, used 10570K [0x00000000d5580000, 0x00000000d7800000, 0x0000000100000000)
  eden space 9728K, 0% used [0x00000000d5580000,0x00000000d5580000,0x00000000d5f00000)
  from space 10752K, 98% used [0x00000000d6d80000,0x00000000d77d2b88,0x00000000d7800000)
  to   space 12288K, 0% used [0x00000000d6000000,0x00000000d6000000,0x00000000d6c00000)
 ParOldGen       total 120320K, used 111692K [0x0000000080000000, 0x0000000087580000, 0x00000000d5580000)
  object space 120320K, 92% used [0x0000000080000000,0x0000000086d13040,0x0000000087580000)
 Metaspace       used 68102K, committed 69632K, reserved 1114112K
  class space    used 6775K, committed 7552K, reserved 1048576K
}
Event: 2307.347 GC heap before
{Heap before GC invocations=486 (full 23):
 PSYoungGen      total 20480K, used 20298K [0x00000000d5580000, 0x00000000d7800000, 0x0000000100000000)
  eden space 9728K, 100% used [0x00000000d5580000,0x00000000d5f00000,0x00000000d5f00000)
  from space 10752K, 98% used [0x00000000d6d80000,0x00000000d77d2b88,0x00000000d7800000)
  to   space 12288K, 0% used [0x00000000d6000000,0x00000000d6000000,0x00000000d6c00000)
 ParOldGen       total 120320K, used 111692K [0x0000000080000000, 0x0000000087580000, 0x00000000d5580000)
  object space 120320K, 92% used [0x0000000080000000,0x0000000086d13040,0x0000000087580000)
 Metaspace       used 68113K, committed 69696K, reserved 1114112K
  class space    used 6775K, committed 7552K, reserved 1048576K
}
Event: 2307.350 GC heap after
{Heap after GC invocations=486 (full 23):
 PSYoungGen      total 21504K, used 11364K [0x00000000d5580000, 0x00000000d7600000, 0x0000000100000000)
  eden space 9728K, 0% used [0x00000000d5580000,0x00000000d5580000,0x00000000d5f00000)
  from space 11776K, 96% used [0x00000000d6000000,0x00000000d6b191f0,0x00000000d6b80000)
  to   space 10752K, 0% used [0x00000000d6b80000,0x00000000d6b80000,0x00000000d7600000)
 ParOldGen       total 120320K, used 111700K [0x0000000080000000, 0x0000000087580000, 0x00000000d5580000)
  object space 120320K, 92% used [0x0000000080000000,0x0000000086d15040,0x0000000087580000)
 Metaspace       used 68113K, committed 69696K, reserved 1114112K
  class space    used 6775K, committed 7552K, reserved 1048576K
}
Event: 2307.392 GC heap before
{Heap before GC invocations=487 (full 23):
 PSYoungGen      total 21504K, used 21092K [0x00000000d5580000, 0x00000000d7600000, 0x0000000100000000)
  eden space 9728K, 100% used [0x00000000d5580000,0x00000000d5f00000,0x00000000d5f00000)
  from space 11776K, 96% used [0x00000000d6000000,0x00000000d6b191f0,0x00000000d6b80000)
  to   space 10752K, 0% used [0x00000000d6b80000,0x00000000d6b80000,0x00000000d7600000)
 ParOldGen       total 120320K, used 111700K [0x0000000080000000, 0x0000000087580000, 0x00000000d5580000)
  object space 120320K, 92% used [0x0000000080000000,0x0000000086d15040,0x0000000087580000)
 Metaspace       used 68117K, committed 69696K, reserved 1114112K
  class space    used 6775K, committed 7552K, reserved 1048576K
}

