# JRE version: OpenJDK Runtime Environment Temurin-21.0.10+7 (21.0.10+7) (build 21.0.10+7-LTS)
# Java VM: OpenJDK 64-Bit Server VM Temurin-21.0.10+7 (21.0.10+7-LTS, mixed mode, sharing, tiered, compressed oops, compressed class ptrs, parallel gc, windows-amd64)
GC Precious Log:
 CardTable entry size: 512
 CPUs: 12 total, 12 available
 Memory: 16024M
 Large Page Support: Disabled
 NUMA Support: Disabled
 Compressed Oops: Enabled (32-bit)
 Alignments: Space 512K, Generation 512K, Heap 2M
 Heap Min Capacity: 100M
 Heap Initial Capacity: 100M
 Heap Max Capacity: 2G
 Pre-touch: Disabled
 Parallel Workers: 10
Heap:
 PSYoungGen      total 20992K, used 13179K [0x00000000d5580000, 0x00000000d6c80000, 0x0000000100000000)
  eden space 19456K, 61% used [0x00000000d5580000,0x00000000d6137e78,0x00000000d6880000)
  from space 1536K, 76% used [0x00000000d6880000,0x00000000d69a6e98,0x00000000d6a00000)
  to   space 2048K, 0% used [0x00000000d6a80000,0x00000000d6a80000,0x00000000d6c80000)
 ParOldGen       total 68608K, used 24570K [0x0000000080000000, 0x0000000084300000, 0x00000000d5580000)
  object space 68608K, 35% used [0x0000000080000000,0x00000000817fe930,0x0000000084300000)
 Metaspace       used 49626K, committed 50816K, reserved 1114112K
  class space    used 5444K, committed 5952K, reserved 1048576K
GC Heap History (20 events):
Event: 6.541 GC heap before
{Heap before GC invocations=14 (full 1):
 PSYoungGen      total 23552K, used 23296K [0x00000000d5580000, 0x00000000d7100000, 0x0000000100000000)
  eden space 22016K, 100% used [0x00000000d5580000,0x00000000d6b00000,0x00000000d6b00000)
  from space 1536K, 83% used [0x00000000d6f80000,0x00000000d70c0000,0x00000000d7100000)
  to   space 1536K, 0% used [0x00000000d6e00000,0x00000000d6e00000,0x00000000d6f80000)
 ParOldGen       total 68608K, used 16642K [0x0000000080000000, 0x0000000084300000, 0x00000000d5580000)
  object space 68608K, 24% used [0x0000000080000000,0x0000000081040ac0,0x0000000084300000)
 Metaspace       used 31366K, committed 32384K, reserved 1114112K
  class space    used 3104K, committed 3520K, reserved 1048576K
}
Event: 6.543 GC heap after
{Heap after GC invocations=14 (full 1):
 PSYoungGen      total 23552K, used 1503K [0x00000000d5580000, 0x00000000d7000000, 0x0000000100000000)
  eden space 22016K, 0% used [0x00000000d5580000,0x00000000d5580000,0x00000000d6b00000)
  from space 1536K, 97% used [0x00000000d6e00000,0x00000000d6f77dc8,0x00000000d6f80000)
  to   space 512K, 0% used [0x00000000d6f80000,0x00000000d6f80000,0x00000000d7000000)
 ParOldGen       total 68608K, used 17764K [0x0000000080000000, 0x0000000084300000, 0x00000000d5580000)
  object space 68608K, 25% used [0x0000000080000000,0x0000000081159388,0x0000000084300000)
 Metaspace       used 31366K, committed 32384K, reserved 1114112K
  class space    used 3104K, committed 3520K, reserved 1048576K
}
Event: 6.719 GC heap before
{Heap before GC invocations=15 (full 1):
 PSYoungGen      total 23552K, used 23519K [0x00000000d5580000, 0x00000000d7000000, 0x0000000100000000)
  eden space 22016K, 100% used [0x00000000d5580000,0x00000000d6b00000,0x00000000d6b00000)
  from space 1536K, 97% used [0x00000000d6e00000,0x00000000d6f77dc8,0x00000000d6f80000)
  to   space 512K, 0% used [0x00000000d6f80000,0x00000000d6f80000,0x00000000d7000000)
 ParOldGen       total 68608K, used 17771K [0x0000000080000000, 0x0000000084300000, 0x00000000d5580000)
  object space 68608K, 25% used [0x0000000080000000,0x000000008115acf0,0x0000000084300000)
 Metaspace       used 34249K, committed 35328K, reserved 1114112K
  class space    used 3481K, committed 3968K, reserved 1048576K
}
Event: 6.722 GC heap after
{Heap after GC invocations=15 (full 1):
 PSYoungGen      total 22016K, used 485K [0x00000000d5580000, 0x00000000d7500000, 0x0000000100000000)
  eden space 21504K, 0% used [0x00000000d5580000,0x00000000d5580000,0x00000000d6a80000)
  from space 512K, 94% used [0x00000000d6f80000,0x00000000d6ff96e0,0x00000000d7000000)
  to   space 5120K, 0% used [0x00000000d6a80000,0x00000000d6a80000,0x00000000d6f80000)
 ParOldGen       total 68608K, used 21804K [0x0000000080000000, 0x0000000084300000, 0x00000000d5580000)
  object space 68608K, 31% used [0x0000000080000000,0x000000008154b378,0x0000000084300000)
 Metaspace       used 34249K, committed 35328K, reserved 1114112K
  class space    used 3481K, committed 3968K, reserved 1048576K
}
Event: 6.821 GC heap before
{Heap before GC invocations=16 (full 1):
 PSYoungGen      total 22016K, used 12365K [0x00000000d5580000, 0x00000000d7500000, 0x0000000100000000)
  eden space 21504K, 55% used [0x00000000d5580000,0x00000000d611a110,0x00000000d6a80000)
  from space 512K, 94% used [0x00000000d6f80000,0x00000000d6ff96e0,0x00000000d7000000)
  to   space 5120K, 0% used [0x00000000d6a80000,0x00000000d6a80000,0x00000000d6f80000)
 ParOldGen       total 68608K, used 21804K [0x0000000080000000, 0x0000000084300000, 0x00000000d5580000)
  object space 68608K, 31% used [0x0000000080000000,0x000000008154b378,0x0000000084300000)
 Metaspace       used 34865K, committed 35840K, reserved 1114112K
  class space    used 3561K, committed 4032K, reserved 1048576K
}
Event: 6.824 GC heap after
{Heap after GC invocations=16 (full 1):
 PSYoungGen      total 23040K, used 1389K [0x00000000d5580000, 0x00000000d7000000, 0x0000000100000000)
  eden space 21504K, 0% used [0x00000000d5580000,0x00000000d5580000,0x00000000d6a80000)
  from space 1536K, 90% used [0x00000000d6a80000,0x00000000d6bdb6a0,0x00000000d6c00000)
  to   space 2560K, 0% used [0x00000000d6d80000,0x00000000d6d80000,0x00000000d7000000)
 ParOldGen       total 68608K, used 22315K [0x0000000080000000, 0x0000000084300000, 0x00000000d5580000)
  object space 68608K, 32% used [0x0000000080000000,0x00000000815cad50,0x0000000084300000)
 Metaspace       used 34865K, committed 35840K, reserved 1114112K
  class space    used 3561K, committed 4032K, reserved 1048576K
}
Event: 6.824 GC heap before
{Heap before GC invocations=17 (full 2):
 PSYoungGen      total 23040K, used 1389K [0x00000000d5580000, 0x00000000d7000000, 0x0000000100000000)
  eden space 21504K, 0% used [0x00000000d5580000,0x00000000d5580000,0x00000000d6a80000)
  from space 1536K, 90% used [0x00000000d6a80000,0x00000000d6bdb6a0,0x00000000d6c00000)
  to   space 2560K, 0% used [0x00000000d6d80000,0x00000000d6d80000,0x00000000d7000000)
 ParOldGen       total 68608K, used 22315K [0x0000000080000000, 0x0000000084300000, 0x00000000d5580000)
  object space 68608K, 32% used [0x0000000080000000,0x00000000815cad50,0x0000000084300000)
 Metaspace       used 34865K, committed 35840K, reserved 1114112K
  class space    used 3561K, committed 4032K, reserved 1048576K
}
Event: 6.857 GC heap after
{Heap after GC invocations=17 (full 2):
 PSYoungGen      total 23040K, used 0K [0x00000000d5580000, 0x00000000d7000000, 0x0000000100000000)
  eden space 21504K, 0% used [0x00000000d5580000,0x00000000d5580000,0x00000000d6a80000)
  from space 1536K, 0% used [0x00000000d6a80000,0x00000000d6a80000,0x00000000d6c00000)
  to   space 2560K, 0% used [0x00000000d6d80000,0x00000000d6d80000,0x00000000d7000000)
 ParOldGen       total 68608K, used 18527K [0x0000000080000000, 0x0000000084300000, 0x00000000d5580000)
  object space 68608K, 27% used [0x0000000080000000,0x0000000081217da8,0x0000000084300000)
 Metaspace       used 34865K, committed 35840K, reserved 1114112K
  class space    used 3561K, committed 4032K, reserved 1048576K
}
Event: 7.029 GC heap before
{Heap before GC invocations=18 (full 2):
 PSYoungGen      total 23040K, used 21504K [0x00000000d5580000, 0x00000000d7000000, 0x0000000100000000)
  eden space 21504K, 100% used [0x00000000d5580000,0x00000000d6a80000,0x00000000d6a80000)
  from space 1536K, 0% used [0x00000000d6a80000,0x00000000d6a80000,0x00000000d6c00000)
  to   space 2560K, 0% used [0x00000000d6d80000,0x00000000d6d80000,0x00000000d7000000)
 ParOldGen       total 68608K, used 18527K [0x0000000080000000, 0x0000000084300000, 0x00000000d5580000)
  object space 68608K, 27% used [0x0000000080000000,0x0000000081217da8,0x0000000084300000)
 Metaspace       used 37376K, committed 38400K, reserved 1114112K
  class space    used 3890K, committed 4352K, reserved 1048576K
}
Event: 7.031 GC heap after
{Heap after GC invocations=18 (full 2):
 PSYoungGen      total 22528K, used 970K [0x00000000d5580000, 0x00000000d6e80000, 0x0000000100000000)
  eden space 21504K, 0% used [0x00000000d5580000,0x00000000d5580000,0x00000000d6a80000)
  from space 1024K, 94% used [0x00000000d6d80000,0x00000000d6e72b70,0x00000000d6e80000)
  to   space 1536K, 0% used [0x00000000d6b80000,0x00000000d6b80000,0x00000000d6d00000)
 ParOldGen       total 68608K, used 18535K [0x0000000080000000, 0x0000000084300000, 0x00000000d5580000)
  object space 68608K, 27% used [0x0000000080000000,0x0000000081219da8,0x0000000084300000)
 Metaspace       used 37376K, committed 38400K, reserved 1114112K
  class space    used 3890K, committed 4352K, reserved 1048576K
}
Event: 7.191 GC heap before
{Heap before GC invocations=19 (full 2):
 PSYoungGen      total 22528K, used 22474K [0x00000000d5580000, 0x00000000d6e80000, 0x0000000100000000)
  eden space 21504K, 100% used [0x00000000d5580000,0x00000000d6a80000,0x00000000d6a80000)
  from space 1024K, 94% used [0x00000000d6d80000,0x00000000d6e72b70,0x00000000d6e80000)
  to   space 1536K, 0% used [0x00000000d6b80000,0x00000000d6b80000,0x00000000d6d00000)
 ParOldGen       total 68608K, used 18535K [0x0000000080000000, 0x0000000084300000, 0x00000000d5580000)
  object space 68608K, 27% used [0x0000000080000000,0x0000000081219da8,0x0000000084300000)
 Metaspace       used 39866K, committed 40896K, reserved 1114112K
  class space    used 4223K, committed 4672K, reserved 1048576K
}
Event: 7.193 GC heap after
{Heap after GC invocations=19 (full 2):
 PSYoungGen      total 23040K, used 922K [0x00000000d5580000, 0x00000000d6e00000, 0x0000000100000000)
  eden space 21504K, 0% used [0x00000000d5580000,0x00000000d5580000,0x00000000d6a80000)
  from space 1536K, 60% used [0x00000000d6b80000,0x00000000d6c66b38,0x00000000d6d00000)
  to   space 1024K, 0% used [0x00000000d6d00000,0x00000000d6d00000,0x00000000d6e00000)
 ParOldGen       total 68608K, used 19305K [0x0000000080000000, 0x0000000084300000, 0x00000000d5580000)
  object space 68608K, 28% used [0x0000000080000000,0x00000000812da7f8,0x0000000084300000)
 Metaspace       used 39866K, committed 40896K, reserved 1114112K
  class space    used 4223K, committed 4672K, reserved 1048576K
}
Event: 7.434 GC heap before
{Heap before GC invocations=20 (full 2):
 PSYoungGen      total 23040K, used 22426K [0x00000000d5580000, 0x00000000d6e00000, 0x0000000100000000)
  eden space 21504K, 100% used [0x00000000d5580000,0x00000000d6a80000,0x00000000d6a80000)
  from space 1536K, 60% used [0x00000000d6b80000,0x00000000d6c66b38,0x00000000d6d00000)
  to   space 1024K, 0% used [0x00000000d6d00000,0x00000000d6d00000,0x00000000d6e00000)
 ParOldGen       total 68608K, used 19305K [0x0000000080000000, 0x0000000084300000, 0x00000000d5580000)
  object space 68608K, 28% used [0x0000000080000000,0x00000000812da7f8,0x0000000084300000)
 Metaspace       used 42459K, committed 43584K, reserved 1114112K
  class space    used 4550K, committed 5056K, reserved 1048576K
}
Event: 7.436 GC heap after
{Heap after GC invocations=20 (full 2):
 PSYoungGen      total 22528K, used 999K [0x00000000d5580000, 0x00000000d6f80000, 0x0000000100000000)
  eden space 21504K, 0% used [0x00000000d5580000,0x00000000d5580000,0x00000000d6a80000)
  from space 1024K, 97% used [0x00000000d6d00000,0x00000000d6df9d68,0x00000000d6e00000)
  to   space 2560K, 0% used [0x00000000d6a80000,0x00000000d6a80000,0x00000000d6d00000)
 ParOldGen       total 68608K, used 20560K [0x0000000080000000, 0x0000000084300000, 0x00000000d5580000)
  object space 68608K, 29% used [0x0000000080000000,0x0000000081414110,0x0000000084300000)
 Metaspace       used 42459K, committed 43584K, reserved 1114112K
  class space    used 4550K, committed 5056K, reserved 1048576K
}
Event: 7.736 GC heap before
{Heap before GC invocations=21 (full 2):
 PSYoungGen      total 22528K, used 22503K [0x00000000d5580000, 0x00000000d6f80000, 0x0000000100000000)
  eden space 21504K, 100% used [0x00000000d5580000,0x00000000d6a80000,0x00000000d6a80000)
  from space 1024K, 97% used [0x00000000d6d00000,0x00000000d6df9d68,0x00000000d6e00000)
  to   space 2560K, 0% used [0x00000000d6a80000,0x00000000d6a80000,0x00000000d6d00000)
 ParOldGen       total 68608K, used 20560K [0x0000000080000000, 0x0000000084300000, 0x00000000d5580000)
  object space 68608K, 29% used [0x0000000080000000,0x0000000081414110,0x0000000084300000)
 Metaspace       used 44469K, committed 45568K, reserved 1114112K
  class space    used 4811K, committed 5312K, reserved 1048576K
}
Event: 7.738 GC heap after
{Heap after GC invocations=21 (full 2):
 PSYoungGen      total 23040K, used 1129K [0x00000000d5580000, 0x00000000d6d80000, 0x0000000100000000)
  eden space 21504K, 0% used [0x00000000d5580000,0x00000000d5580000,0x00000000d6a80000)
  from space 1536K, 73% used [0x00000000d6a80000,0x00000000d6b9a638,0x00000000d6c00000)
  to   space 1536K, 0% used [0x00000000d6c00000,0x00000000d6c00000,0x00000000d6d80000)
 ParOldGen       total 68608K, used 21534K [0x0000000080000000, 0x0000000084300000, 0x00000000d5580000)
  object space 68608K, 31% used [0x0000000080000000,0x0000000081507878,0x0000000084300000)
 Metaspace       used 44469K, committed 45568K, reserved 1114112K
  class space    used 4811K, committed 5312K, reserved 1048576K
}
Event: 8.326 GC heap before
{Heap before GC invocations=22 (full 2):
 PSYoungGen      total 23040K, used 22633K [0x00000000d5580000, 0x00000000d6d80000, 0x0000000100000000)
  eden space 21504K, 100% used [0x00000000d5580000,0x00000000d6a80000,0x00000000d6a80000)
  from space 1536K, 73% used [0x00000000d6a80000,0x00000000d6b9a638,0x00000000d6c00000)
  to   space 1536K, 0% used [0x00000000d6c00000,0x00000000d6c00000,0x00000000d6d80000)
 ParOldGen       total 68608K, used 21534K [0x0000000080000000, 0x0000000084300000, 0x00000000d5580000)
  object space 68608K, 31% used [0x0000000080000000,0x0000000081507878,0x0000000084300000)
 Metaspace       used 46740K, committed 47808K, reserved 1114112K
  class space    used 5117K, committed 5632K, reserved 1048576K
}
Event: 8.330 GC heap after
{Heap after GC invocations=22 (full 2):
 PSYoungGen      total 20992K, used 1536K [0x00000000d5580000, 0x00000000d7180000, 0x0000000100000000)
  eden space 19456K, 0% used [0x00000000d5580000,0x00000000d5580000,0x00000000d6880000)
  from space 1536K, 100% used [0x00000000d6c00000,0x00000000d6d80000,0x00000000d6d80000)
  to   space 3584K, 0% used [0x00000000d6880000,0x00000000d6880000,0x00000000d6c00000)
 ParOldGen       total 68608K, used 23062K [0x0000000080000000, 0x0000000084300000, 0x00000000d5580000)
  object space 68608K, 33% used [0x0000000080000000,0x0000000081685920,0x0000000084300000)
 Metaspace       used 46740K, committed 47808K, reserved 1114112K
  class space    used 5117K, committed 5632K, reserved 1048576K
}
Event: 8.831 GC heap before
{Heap before GC invocations=23 (full 2):
 PSYoungGen      total 20992K, used 20992K [0x00000000d5580000, 0x00000000d7180000, 0x0000000100000000)
  eden space 19456K, 100% used [0x00000000d5580000,0x00000000d6880000,0x00000000d6880000)
  from space 1536K, 100% used [0x00000000d6c00000,0x00000000d6d80000,0x00000000d6d80000)
  to   space 3584K, 0% used [0x00000000d6880000,0x00000000d6880000,0x00000000d6c00000)
 ParOldGen       total 68608K, used 23062K [0x0000000080000000, 0x0000000084300000, 0x00000000d5580000)
  object space 68608K, 33% used [0x0000000080000000,0x0000000081685920,0x0000000084300000)
 Metaspace       used 49078K, committed 50240K, reserved 1114112K
  class space    used 5391K, committed 5888K, reserved 1048576K
}
Event: 8.833 GC heap after
{Heap after GC invocations=23 (full 2):
 PSYoungGen      total 20992K, used 1179K [0x00000000d5580000, 0x00000000d6c80000, 0x0000000100000000)
  eden space 19456K, 0% used [0x00000000d5580000,0x00000000d5580000,0x00000000d6880000)
  from space 1536K, 76% used [0x00000000d6880000,0x00000000d69a6e98,0x00000000d6a00000)
  to   space 2048K, 0% used [0x00000000d6a80000,0x00000000d6a80000,0x00000000d6c80000)
 ParOldGen       total 68608K, used 24570K [0x0000000080000000, 0x0000000084300000, 0x00000000d5580000)
  object space 68608K, 35% used [0x0000000080000000,0x00000000817fe930,0x0000000084300000)
 Metaspace       used 49078K, committed 50240K, reserved 1114112K
  class space    used 5391K, committed 5888K, reserved 1048576K
}

