# JRE version: OpenJDK Runtime Environment Temurin-21.0.10+7 (21.0.10+7) (build 21.0.10+7-LTS)
# Java VM: OpenJDK 64-Bit Server VM Temurin-21.0.10+7 (21.0.10+7-LTS, mixed mode, sharing, tiered, compressed oops, compressed class ptrs, parallel gc, windows-amd64)
GC Precious Log:
 CardTable entry size: 512
 CPUs: 12 total, 12 available
 Memory: 16024M
 Large Page Support: Disabled
 NUMA Support: Disabled
 Compressed Oops: Enabled (32-bit)
 Alignments: Space 512K, Generation 512K, Heap 2M
 Heap Min Capacity: 100M
 Heap Initial Capacity: 100M
 Heap Max Capacity: 2G
 Pre-touch: Disabled
 Parallel Workers: 10
Heap:
 PSYoungGen      total 23552K, used 16706K [0x00000000d5580000, 0x00000000d7400000, 0x0000000100000000)
  eden space 20992K, 67% used [0x00000000d5580000,0x00000000d63525a0,0x00000000d6a00000)
  from space 2560K, 99% used [0x00000000d6c00000,0x00000000d6e7e590,0x00000000d6e80000)
  to   space 5120K, 0% used [0x00000000d6f00000,0x00000000d6f00000,0x00000000d7400000)
 ParOldGen       total 68608K, used 42028K [0x0000000080000000, 0x0000000084300000, 0x00000000d5580000)
  object space 68608K, 61% used [0x0000000080000000,0x000000008290b180,0x0000000084300000)
 Metaspace       used 45405K, committed 46528K, reserved 1114112K
  class space    used 4544K, committed 5056K, reserved 1048576K
GC Heap History (20 events):
Event: 6.140 GC heap before
{Heap before GC invocations=20 (full 2):
 PSYoungGen      total 22528K, used 22143K [0x00000000d5580000, 0x00000000d6e00000, 0x0000000100000000)
  eden space 20992K, 99% used [0x00000000d5580000,0x00000000d69ffff8,0x00000000d6a00000)
  from space 1536K, 75% used [0x00000000d6a00000,0x00000000d6b20000,0x00000000d6b80000)
  to   space 2048K, 0% used [0x00000000d6c00000,0x00000000d6c00000,0x00000000d6e00000)
 ParOldGen       total 68608K, used 24381K [0x0000000080000000, 0x0000000084300000, 0x00000000d5580000)
  object space 68608K, 35% used [0x0000000080000000,0x00000000817cf5a0,0x0000000084300000)
 Metaspace       used 36587K, committed 37504K, reserved 1114112K
  class space    used 3739K, committed 4160K, reserved 1048576K
}
Event: 6.142 GC heap after
{Heap after GC invocations=20 (full 2):
 PSYoungGen      total 23040K, used 1828K [0x00000000d5580000, 0x00000000d6e00000, 0x0000000100000000)
  eden space 20992K, 0% used [0x00000000d5580000,0x00000000d5580000,0x00000000d6a00000)
  from space 2048K, 89% used [0x00000000d6c00000,0x00000000d6dc9000,0x00000000d6e00000)
  to   space 2048K, 0% used [0x00000000d6a00000,0x00000000d6a00000,0x00000000d6c00000)
 ParOldGen       total 68608K, used 25339K [0x0000000080000000, 0x0000000084300000, 0x00000000d5580000)
  object space 68608K, 36% used [0x0000000080000000,0x00000000818bef50,0x0000000084300000)
 Metaspace       used 36587K, committed 37504K, reserved 1114112K
  class space    used 3739K, committed 4160K, reserved 1048576K
}
Event: 6.196 GC heap before
{Heap before GC invocations=21 (full 2):
 PSYoungGen      total 23040K, used 22820K [0x00000000d5580000, 0x00000000d6e00000, 0x0000000100000000)
  eden space 20992K, 100% used [0x00000000d5580000,0x00000000d6a00000,0x00000000d6a00000)
  from space 2048K, 89% used [0x00000000d6c00000,0x00000000d6dc9000,0x00000000d6e00000)
  to   space 2048K, 0% used [0x00000000d6a00000,0x00000000d6a00000,0x00000000d6c00000)
 ParOldGen       total 68608K, used 25339K [0x0000000080000000, 0x0000000084300000, 0x00000000d5580000)
  object space 68608K, 36% used [0x0000000080000000,0x00000000818bef68,0x0000000084300000)
 Metaspace       used 37060K, committed 38080K, reserved 1114112K
  class space    used 3788K, committed 4224K, reserved 1048576K
}
Event: 6.200 GC heap after
{Heap after GC invocations=21 (full 2):
 PSYoungGen      total 23040K, used 2016K [0x00000000d5580000, 0x00000000d7200000, 0x0000000100000000)
  eden space 20992K, 0% used [0x00000000d5580000,0x00000000d5580000,0x00000000d6a00000)
  from space 2048K, 98% used [0x00000000d6a00000,0x00000000d6bf8010,0x00000000d6c00000)
  to   space 4096K, 0% used [0x00000000d6e00000,0x00000000d6e00000,0x00000000d7200000)
 ParOldGen       total 68608K, used 27057K [0x0000000080000000, 0x0000000084300000, 0x00000000d5580000)
  object space 68608K, 39% used [0x0000000080000000,0x0000000081a6c590,0x0000000084300000)
 Metaspace       used 37060K, committed 38080K, reserved 1114112K
  class space    used 3788K, committed 4224K, reserved 1048576K
}
Event: 6.310 GC heap before
{Heap before GC invocations=22 (full 2):
 PSYoungGen      total 23040K, used 23008K [0x00000000d5580000, 0x00000000d7200000, 0x0000000100000000)
  eden space 20992K, 100% used [0x00000000d5580000,0x00000000d6a00000,0x00000000d6a00000)
  from space 2048K, 98% used [0x00000000d6a00000,0x00000000d6bf8010,0x00000000d6c00000)
  to   space 4096K, 0% used [0x00000000d6e00000,0x00000000d6e00000,0x00000000d7200000)
 ParOldGen       total 68608K, used 27059K [0x0000000080000000, 0x0000000084300000, 0x00000000d5580000)
  object space 68608K, 39% used [0x0000000080000000,0x0000000081a6cef0,0x0000000084300000)
 Metaspace       used 37670K, committed 38656K, reserved 1114112K
  class space    used 3810K, committed 4224K, reserved 1048576K
}
Event: 6.316 GC heap after
{Heap after GC invocations=22 (full 2):
 PSYoungGen      total 23040K, used 1856K [0x00000000d5580000, 0x00000000d7000000, 0x0000000100000000)
  eden space 20992K, 0% used [0x00000000d5580000,0x00000000d5580000,0x00000000d6a00000)
  from space 2048K, 90% used [0x00000000d6e00000,0x00000000d6fd0000,0x00000000d7000000)
  to   space 2560K, 0% used [0x00000000d6b00000,0x00000000d6b00000,0x00000000d6d80000)
 ParOldGen       total 68608K, used 28947K [0x0000000080000000, 0x0000000084300000, 0x00000000d5580000)
  object space 68608K, 42% used [0x0000000080000000,0x0000000081c44f00,0x0000000084300000)
 Metaspace       used 37670K, committed 38656K, reserved 1114112K
  class space    used 3810K, committed 4224K, reserved 1048576K
}
Event: 6.503 GC heap before
{Heap before GC invocations=23 (full 2):
 PSYoungGen      total 23040K, used 22848K [0x00000000d5580000, 0x00000000d7000000, 0x0000000100000000)
  eden space 20992K, 100% used [0x00000000d5580000,0x00000000d6a00000,0x00000000d6a00000)
  from space 2048K, 90% used [0x00000000d6e00000,0x00000000d6fd0000,0x00000000d7000000)
  to   space 2560K, 0% used [0x00000000d6b00000,0x00000000d6b00000,0x00000000d6d80000)
 ParOldGen       total 68608K, used 28947K [0x0000000080000000, 0x0000000084300000, 0x00000000d5580000)
  object space 68608K, 42% used [0x0000000080000000,0x0000000081c44f00,0x0000000084300000)
 Metaspace       used 37961K, committed 38976K, reserved 1114112K
  class space    used 3824K, committed 4288K, reserved 1048576K
}
Event: 6.509 GC heap after
{Heap after GC invocations=23 (full 2):
 PSYoungGen      total 23552K, used 2542K [0x00000000d5580000, 0x00000000d7600000, 0x0000000100000000)
  eden space 20992K, 0% used [0x00000000d5580000,0x00000000d5580000,0x00000000d6a00000)
  from space 2560K, 99% used [0x00000000d6b00000,0x00000000d6d7bad0,0x00000000d6d80000)
  to   space 6144K, 0% used [0x00000000d7000000,0x00000000d7000000,0x00000000d7600000)
 ParOldGen       total 68608K, used 31740K [0x0000000080000000, 0x0000000084300000, 0x00000000d5580000)
  object space 68608K, 46% used [0x0000000080000000,0x0000000081eff100,0x0000000084300000)
 Metaspace       used 37961K, committed 38976K, reserved 1114112K
  class space    used 3824K, committed 4288K, reserved 1048576K
}
Event: 7.133 GC heap before
{Heap before GC invocations=24 (full 2):
 PSYoungGen      total 23552K, used 23478K [0x00000000d5580000, 0x00000000d7600000, 0x0000000100000000)
  eden space 20992K, 99% used [0x00000000d5580000,0x00000000d69f20c0,0x00000000d6a00000)
  from space 2560K, 99% used [0x00000000d6b00000,0x00000000d6d7bad0,0x00000000d6d80000)
  to   space 6144K, 0% used [0x00000000d7000000,0x00000000d7000000,0x00000000d7600000)
 ParOldGen       total 68608K, used 31740K [0x0000000080000000, 0x0000000084300000, 0x00000000d5580000)
  object space 68608K, 46% used [0x0000000080000000,0x0000000081eff100,0x0000000084300000)
 Metaspace       used 39225K, committed 40320K, reserved 1114112K
  class space    used 3961K, committed 4480K, reserved 1048576K
}
Event: 7.137 GC heap after
{Heap after GC invocations=24 (full 2):
 PSYoungGen      total 23040K, used 1775K [0x00000000d5580000, 0x00000000d7200000, 0x0000000100000000)
  eden space 20992K, 0% used [0x00000000d5580000,0x00000000d5580000,0x00000000d6a00000)
  from space 2048K, 86% used [0x00000000d7000000,0x00000000d71bbd70,0x00000000d7200000)
  to   space 3072K, 0% used [0x00000000d6c00000,0x00000000d6c00000,0x00000000d6f00000)
 ParOldGen       total 68608K, used 34228K [0x0000000080000000, 0x0000000084300000, 0x00000000d5580000)
  object space 68608K, 49% used [0x0000000080000000,0x000000008216d1a8,0x0000000084300000)
 Metaspace       used 39225K, committed 40320K, reserved 1114112K
  class space    used 3961K, committed 4480K, reserved 1048576K
}
Event: 7.826 GC heap before
{Heap before GC invocations=25 (full 2):
 PSYoungGen      total 23040K, used 22767K [0x00000000d5580000, 0x00000000d7200000, 0x0000000100000000)
  eden space 20992K, 100% used [0x00000000d5580000,0x00000000d6a00000,0x00000000d6a00000)
  from space 2048K, 86% used [0x00000000d7000000,0x00000000d71bbd70,0x00000000d7200000)
  to   space 3072K, 0% used [0x00000000d6c00000,0x00000000d6c00000,0x00000000d6f00000)
 ParOldGen       total 68608K, used 34228K [0x0000000080000000, 0x0000000084300000, 0x00000000d5580000)
  object space 68608K, 49% used [0x0000000080000000,0x000000008216d1a8,0x0000000084300000)
 Metaspace       used 40985K, committed 42048K, reserved 1114112K
  class space    used 4152K, committed 4608K, reserved 1048576K
}
Event: 7.828 GC heap after
{Heap after GC invocations=25 (full 2):
 PSYoungGen      total 24064K, used 864K [0x00000000d5580000, 0x00000000d7080000, 0x0000000100000000)
  eden space 20992K, 0% used [0x00000000d5580000,0x00000000d5580000,0x00000000d6a00000)
  from space 3072K, 28% used [0x00000000d6c00000,0x00000000d6cd8010,0x00000000d6f00000)
  to   space 1536K, 0% used [0x00000000d6f00000,0x00000000d6f00000,0x00000000d7080000)
 ParOldGen       total 68608K, used 35728K [0x0000000080000000, 0x0000000084300000, 0x00000000d5580000)
  object space 68608K, 52% used [0x0000000080000000,0x00000000822e4008,0x0000000084300000)
 Metaspace       used 40985K, committed 42048K, reserved 1114112K
  class space    used 4152K, committed 4608K, reserved 1048576K
}
Event: 8.234 GC heap before
{Heap before GC invocations=26 (full 2):
 PSYoungGen      total 24064K, used 21856K [0x00000000d5580000, 0x00000000d7080000, 0x0000000100000000)
  eden space 20992K, 100% used [0x00000000d5580000,0x00000000d6a00000,0x00000000d6a00000)
  from space 3072K, 28% used [0x00000000d6c00000,0x00000000d6cd8010,0x00000000d6f00000)
  to   space 1536K, 0% used [0x00000000d6f00000,0x00000000d6f00000,0x00000000d7080000)
 ParOldGen       total 68608K, used 35728K [0x0000000080000000, 0x0000000084300000, 0x00000000d5580000)
  object space 68608K, 52% used [0x0000000080000000,0x00000000822e4008,0x0000000084300000)
 Metaspace       used 42404K, committed 43456K, reserved 1114112K
  class space    used 4265K, committed 4736K, reserved 1048576K
}
Event: 8.238 GC heap after
{Heap after GC invocations=26 (full 2):
 PSYoungGen      total 22528K, used 1342K [0x00000000d5580000, 0x00000000d7080000, 0x0000000100000000)
  eden space 20992K, 0% used [0x00000000d5580000,0x00000000d5580000,0x00000000d6a00000)
  from space 1536K, 87% used [0x00000000d6f00000,0x00000000d704fb10,0x00000000d7080000)
  to   space 1536K, 0% used [0x00000000d6d80000,0x00000000d6d80000,0x00000000d6f00000)
 ParOldGen       total 68608K, used 37141K [0x0000000080000000, 0x0000000084300000, 0x00000000d5580000)
  object space 68608K, 54% used [0x0000000080000000,0x0000000082445518,0x0000000084300000)
 Metaspace       used 42404K, committed 43456K, reserved 1114112K
  class space    used 4265K, committed 4736K, reserved 1048576K
}
Event: 8.622 GC heap before
{Heap before GC invocations=27 (full 2):
 PSYoungGen      total 22528K, used 22334K [0x00000000d5580000, 0x00000000d7080000, 0x0000000100000000)
  eden space 20992K, 100% used [0x00000000d5580000,0x00000000d6a00000,0x00000000d6a00000)
  from space 1536K, 87% used [0x00000000d6f00000,0x00000000d704fb10,0x00000000d7080000)
  to   space 1536K, 0% used [0x00000000d6d80000,0x00000000d6d80000,0x00000000d6f00000)
 ParOldGen       total 68608K, used 37141K [0x0000000080000000, 0x0000000084300000, 0x00000000d5580000)
  object space 68608K, 54% used [0x0000000080000000,0x0000000082445518,0x0000000084300000)
 Metaspace       used 43121K, committed 44224K, reserved 1114112K
  class space    used 4343K, committed 4800K, reserved 1048576K
}
Event: 8.625 GC heap after
{Heap after GC invocations=27 (full 2):
 PSYoungGen      total 22528K, used 1520K [0x00000000d5580000, 0x00000000d7100000, 0x0000000100000000)
  eden space 20992K, 0% used [0x00000000d5580000,0x00000000d5580000,0x00000000d6a00000)
  from space 1536K, 98% used [0x00000000d6d80000,0x00000000d6efc070,0x00000000d6f00000)
  to   space 2048K, 0% used [0x00000000d6f00000,0x00000000d6f00000,0x00000000d7100000)
 ParOldGen       total 68608K, used 38552K [0x0000000080000000, 0x0000000084300000, 0x00000000d5580000)
  object space 68608K, 56% used [0x0000000080000000,0x00000000825a6358,0x0000000084300000)
 Metaspace       used 43121K, committed 44224K, reserved 1114112K
  class space    used 4343K, committed 4800K, reserved 1048576K
}
Event: 8.731 GC heap before
{Heap before GC invocations=28 (full 2):
 PSYoungGen      total 22528K, used 22512K [0x00000000d5580000, 0x00000000d7100000, 0x0000000100000000)
  eden space 20992K, 100% used [0x00000000d5580000,0x00000000d6a00000,0x00000000d6a00000)
  from space 1536K, 98% used [0x00000000d6d80000,0x00000000d6efc070,0x00000000d6f00000)
  to   space 2048K, 0% used [0x00000000d6f00000,0x00000000d6f00000,0x00000000d7100000)
 ParOldGen       total 68608K, used 38552K [0x0000000080000000, 0x0000000084300000, 0x00000000d5580000)
  object space 68608K, 56% used [0x0000000080000000,0x00000000825a6358,0x0000000084300000)
 Metaspace       used 43260K, committed 44352K, reserved 1114112K
  class space    used 4347K, committed 4864K, reserved 1048576K
}
Event: 8.733 GC heap after
{Heap after GC invocations=28 (full 2):
 PSYoungGen      total 23040K, used 1792K [0x00000000d5580000, 0x00000000d7100000, 0x0000000100000000)
  eden space 20992K, 0% used [0x00000000d5580000,0x00000000d5580000,0x00000000d6a00000)
  from space 2048K, 87% used [0x00000000d6f00000,0x00000000d70c00a0,0x00000000d7100000)
  to   space 2560K, 0% used [0x00000000d6c00000,0x00000000d6c00000,0x00000000d6e80000)
 ParOldGen       total 68608K, used 40086K [0x0000000080000000, 0x0000000084300000, 0x00000000d5580000)
  object space 68608K, 58% used [0x0000000080000000,0x0000000082725818,0x0000000084300000)
 Metaspace       used 43260K, committed 44352K, reserved 1114112K
  class space    used 4347K, committed 4864K, reserved 1048576K
}
Event: 9.265 GC heap before
{Heap before GC invocations=29 (full 2):
 PSYoungGen      total 23040K, used 22784K [0x00000000d5580000, 0x00000000d7100000, 0x0000000100000000)
  eden space 20992K, 100% used [0x00000000d5580000,0x00000000d6a00000,0x00000000d6a00000)
  from space 2048K, 87% used [0x00000000d6f00000,0x00000000d70c00a0,0x00000000d7100000)
  to   space 2560K, 0% used [0x00000000d6c00000,0x00000000d6c00000,0x00000000d6e80000)
 ParOldGen       total 68608K, used 40086K [0x0000000080000000, 0x0000000084300000, 0x00000000d5580000)
  object space 68608K, 58% used [0x0000000080000000,0x0000000082725818,0x0000000084300000)
 Metaspace       used 44909K, committed 46080K, reserved 1114112K
  class space    used 4514K, committed 5056K, reserved 1048576K
}
Event: 9.268 GC heap after
{Heap after GC invocations=29 (full 2):
 PSYoungGen      total 23552K, used 2553K [0x00000000d5580000, 0x00000000d7400000, 0x0000000100000000)
  eden space 20992K, 0% used [0x00000000d5580000,0x00000000d5580000,0x00000000d6a00000)
  from space 2560K, 99% used [0x00000000d6c00000,0x00000000d6e7e590,0x00000000d6e80000)
  to   space 5120K, 0% used [0x00000000d6f00000,0x00000000d6f00000,0x00000000d7400000)
 ParOldGen       total 68608K, used 42028K [0x0000000080000000, 0x0000000084300000, 0x00000000d5580000)
  object space 68608K, 61% used [0x0000000080000000,0x000000008290b180,0x0000000084300000)
 Metaspace       used 44909K, committed 46080K, reserved 1114112K
  class space    used 4514K, committed 5056K, reserved 1048576K
}

