# JRE version: OpenJDK Runtime Environment Temurin-21.0.10+7 (21.0.10+7) (build 21.0.10+7-LTS)
# Java VM: OpenJDK 64-Bit Server VM Temurin-21.0.10+7 (21.0.10+7-LTS, mixed mode, sharing, tiered, compressed oops, compressed class ptrs, parallel gc, windows-amd64)
GC Precious Log:
 CardTable entry size: 512
 CPUs: 12 total, 12 available
 Memory: 16024M
 Large Page Support: Disabled
 NUMA Support: Disabled
 Compressed Oops: Enabled (32-bit)
 Alignments: Space 512K, Generation 512K, Heap 2M
 Heap Min Capacity: 100M
 Heap Initial Capacity: 100M
 Heap Max Capacity: 2G
 Pre-touch: Disabled
 Parallel Workers: 10
Heap:
 PSYoungGen      total 13824K, used 12880K [0x00000000d5580000, 0x00000000d6480000, 0x0000000100000000)
  eden space 11776K, 100% used [0x00000000d5580000,0x00000000d6100000,0x00000000d6100000)
  from space 2048K, 53% used [0x00000000d6100000,0x00000000d6214010,0x00000000d6300000)
  to   space 1536K, 54% used [0x00000000d6300000,0x00000000d63d0000,0x00000000d6480000)
 ParOldGen       total 998400K, used 998392K [0x0000000080000000, 0x00000000bcf00000, 0x00000000d5580000)
  object space 998400K, 99% used [0x0000000080000000,0x00000000bcefe218,0x00000000bcf00000)
 Metaspace       used 73475K, committed 75136K, reserved 1179648K
  class space    used 7394K, committed 8128K, reserved 1048576K
GC Heap History (20 events):
Event: 3716.883 GC heap after
{Heap after GC invocations=758 (full 4):
 PSYoungGen      total 9216K, used 3056K [0x00000000d5580000, 0x00000000d6400000, 0x0000000100000000)
  eden space 6144K, 0% used [0x00000000d5580000,0x00000000d5580000,0x00000000d5b80000)
  from space 3072K, 99% used [0x00000000d5b80000,0x00000000d5e7c010,0x00000000d5e80000)
  to   space 3584K, 0% used [0x00000000d6080000,0x00000000d6080000,0x00000000d6400000)
 ParOldGen       total 942080K, used 941817K [0x0000000080000000, 0x00000000b9800000, 0x00000000d5580000)
  object space 942080K, 99% used [0x0000000080000000,0x00000000b97be5e0,0x00000000b9800000)
 Metaspace       used 73403K, committed 75072K, reserved 1179648K
  class space    used 7393K, committed 8128K, reserved 1048576K
}
Event: 3716.892 GC heap before
{Heap before GC invocations=759 (full 4):
 PSYoungGen      total 9216K, used 9200K [0x00000000d5580000, 0x00000000d6400000, 0x0000000100000000)
  eden space 6144K, 100% used [0x00000000d5580000,0x00000000d5b80000,0x00000000d5b80000)
  from space 3072K, 99% used [0x00000000d5b80000,0x00000000d5e7c010,0x00000000d5e80000)
  to   space 3584K, 0% used [0x00000000d6080000,0x00000000d6080000,0x00000000d6400000)
 ParOldGen       total 942080K, used 941817K [0x0000000080000000, 0x00000000b9800000, 0x00000000d5580000)
  object space 942080K, 99% used [0x0000000080000000,0x00000000b97be5e0,0x00000000b9800000)
 Metaspace       used 73405K, committed 75072K, reserved 1179648K
  class space    used 7394K, committed 8128K, reserved 1048576K
}
Event: 3716.895 GC heap after
{Heap after GC invocations=759 (full 4):
 PSYoungGen      total 10752K, used 2920K [0x00000000d5580000, 0x00000000d6380000, 0x0000000100000000)
  eden space 7680K, 0% used [0x00000000d5580000,0x00000000d5580000,0x00000000d5d00000)
  from space 3072K, 95% used [0x00000000d6080000,0x00000000d635a020,0x00000000d6380000)
  to   space 3072K, 0% used [0x00000000d5d80000,0x00000000d5d80000,0x00000000d6080000)
 ParOldGen       total 945152K, used 944741K [0x0000000080000000, 0x00000000b9b00000, 0x00000000d5580000)
  object space 945152K, 99% used [0x0000000080000000,0x00000000b9a99610,0x00000000b9b00000)
 Metaspace       used 73405K, committed 75072K, reserved 1179648K
  class space    used 7394K, committed 8128K, reserved 1048576K
}
Event: 3716.937 GC heap before
{Heap before GC invocations=760 (full 4):
 PSYoungGen      total 10752K, used 10600K [0x00000000d5580000, 0x00000000d6380000, 0x0000000100000000)
  eden space 7680K, 100% used [0x00000000d5580000,0x00000000d5d00000,0x00000000d5d00000)
  from space 3072K, 95% used [0x00000000d6080000,0x00000000d635a020,0x00000000d6380000)
  to   space 3072K, 0% used [0x00000000d5d80000,0x00000000d5d80000,0x00000000d6080000)
 ParOldGen       total 945152K, used 944741K [0x0000000080000000, 0x00000000b9b00000, 0x00000000d5580000)
  object space 945152K, 99% used [0x0000000080000000,0x00000000b9a99610,0x00000000b9b00000)
 Metaspace       used 73426K, committed 75072K, reserved 1179648K
  class space    used 7394K, committed 8128K, reserved 1048576K
}
Event: 3716.941 GC heap after
{Heap after GC invocations=760 (full 4):
 PSYoungGen      total 11264K, used 2498K [0x00000000d5580000, 0x00000000d6480000, 0x0000000100000000)
  eden space 8192K, 0% used [0x00000000d5580000,0x00000000d5580000,0x00000000d5d80000)
  from space 3072K, 81% used [0x00000000d5d80000,0x00000000d5ff09f8,0x00000000d6080000)
  to   space 3072K, 0% used [0x00000000d6180000,0x00000000d6180000,0x00000000d6480000)
 ParOldGen       total 947200K, used 947197K [0x0000000080000000, 0x00000000b9d00000, 0x00000000d5580000)
  object space 947200K, 99% used [0x0000000080000000,0x00000000b9cff630,0x00000000b9d00000)
 Metaspace       used 73426K, committed 75072K, reserved 1179648K
  class space    used 7394K, committed 8128K, reserved 1048576K
}
Event: 3716.999 GC heap before
{Heap before GC invocations=761 (full 4):
 PSYoungGen      total 11264K, used 10682K [0x00000000d5580000, 0x00000000d6480000, 0x0000000100000000)
  eden space 8192K, 99% used [0x00000000d5580000,0x00000000d5d7e0c8,0x00000000d5d80000)
  from space 3072K, 81% used [0x00000000d5d80000,0x00000000d5ff09f8,0x00000000d6080000)
  to   space 3072K, 0% used [0x00000000d6180000,0x00000000d6180000,0x00000000d6480000)
 ParOldGen       total 967168K, used 966397K [0x0000000080000000, 0x00000000bb080000, 0x00000000d5580000)
  object space 967168K, 99% used [0x0000000080000000,0x00000000bafbf650,0x00000000bb080000)
 Metaspace       used 73449K, committed 75136K, reserved 1179648K
  class space    used 7394K, committed 8128K, reserved 1048576K
}
Event: 3717.002 GC heap after
{Heap after GC invocations=761 (full 4):
 PSYoungGen      total 11264K, used 2913K [0x00000000d5580000, 0x00000000d6480000, 0x0000000100000000)
  eden space 8192K, 0% used [0x00000000d5580000,0x00000000d5580000,0x00000000d5d80000)
  from space 3072K, 94% used [0x00000000d6180000,0x00000000d6458748,0x00000000d6480000)
  to   space 3072K, 0% used [0x00000000d5d80000,0x00000000d5d80000,0x00000000d6080000)
 ParOldGen       total 969216K, used 968773K [0x0000000080000000, 0x00000000bb280000, 0x00000000d5580000)
  object space 969216K, 99% used [0x0000000080000000,0x00000000bb211750,0x00000000bb280000)
 Metaspace       used 73449K, committed 75136K, reserved 1179648K
  class space    used 7394K, committed 8128K, reserved 1048576K
}
Event: 3717.042 GC heap before
{Heap before GC invocations=762 (full 4):
 PSYoungGen      total 11264K, used 11105K [0x00000000d5580000, 0x00000000d6480000, 0x0000000100000000)
  eden space 8192K, 100% used [0x00000000d5580000,0x00000000d5d80000,0x00000000d5d80000)
  from space 3072K, 94% used [0x00000000d6180000,0x00000000d6458748,0x00000000d6480000)
  to   space 3072K, 0% used [0x00000000d5d80000,0x00000000d5d80000,0x00000000d6080000)
 ParOldGen       total 980992K, used 980293K [0x0000000080000000, 0x00000000bbe00000, 0x00000000d5580000)
  object space 980992K, 99% used [0x0000000080000000,0x00000000bbd51760,0x00000000bbe00000)
 Metaspace       used 73452K, committed 75136K, reserved 1179648K
  class space    used 7394K, committed 8128K, reserved 1048576K
}
Event: 3717.045 GC heap after
{Heap after GC invocations=762 (full 4):
 PSYoungGen      total 11264K, used 3059K [0x00000000d5580000, 0x00000000d7080000, 0x0000000100000000)
  eden space 8192K, 0% used [0x00000000d5580000,0x00000000d5580000,0x00000000d5d80000)
  from space 3072K, 99% used [0x00000000d5d80000,0x00000000d607cf48,0x00000000d6080000)
  to   space 9728K, 0% used [0x00000000d6700000,0x00000000d6700000,0x00000000d7080000)
 ParOldGen       total 985600K, used 985583K [0x0000000080000000, 0x00000000bc280000, 0x00000000d5580000)
  object space 985600K, 99% used [0x0000000080000000,0x00000000bc27bcf8,0x00000000bc280000)
 Metaspace       used 73452K, committed 75136K, reserved 1179648K
  class space    used 7394K, committed 8128K, reserved 1048576K
}
Event: 3717.103 GC heap before
{Heap before GC invocations=763 (full 4):
 PSYoungGen      total 11264K, used 11251K [0x00000000d5580000, 0x00000000d7080000, 0x0000000100000000)
  eden space 8192K, 100% used [0x00000000d5580000,0x00000000d5d80000,0x00000000d5d80000)
  from space 3072K, 99% used [0x00000000d5d80000,0x00000000d607cf48,0x00000000d6080000)
  to   space 9728K, 0% used [0x00000000d6700000,0x00000000d6700000,0x00000000d7080000)
 ParOldGen       total 985600K, used 985583K [0x0000000080000000, 0x00000000bc280000, 0x00000000d5580000)
  object space 985600K, 99% used [0x0000000080000000,0x00000000bc27bcf8,0x00000000bc280000)
 Metaspace       used 73457K, committed 75136K, reserved 1179648K
  class space    used 7394K, committed 8128K, reserved 1048576K
}
Event: 3717.105 GC heap after
{Heap after GC invocations=763 (full 4):
 PSYoungGen      total 10752K, used 2174K [0x00000000d5580000, 0x00000000d6980000, 0x0000000100000000)
  eden space 8192K, 0% used [0x00000000d5580000,0x00000000d5580000,0x00000000d5d80000)
  from space 2560K, 84% used [0x00000000d6700000,0x00000000d691fad0,0x00000000d6980000)
  to   space 4608K, 0% used [0x00000000d6080000,0x00000000d6080000,0x00000000d6500000)
 ParOldGen       total 988672K, used 988631K [0x0000000080000000, 0x00000000bc580000, 0x00000000d5580000)
  object space 988672K, 99% used [0x0000000080000000,0x00000000bc575f30,0x00000000bc580000)
 Metaspace       used 73457K, committed 75136K, reserved 1179648K
  class space    used 7394K, committed 8128K, reserved 1048576K
}
Event: 3717.128 GC heap before
{Heap before GC invocations=764 (full 4):
 PSYoungGen      total 10752K, used 10366K [0x00000000d5580000, 0x00000000d6980000, 0x0000000100000000)
  eden space 8192K, 100% used [0x00000000d5580000,0x00000000d5d80000,0x00000000d5d80000)
  from space 2560K, 84% used [0x00000000d6700000,0x00000000d691fad0,0x00000000d6980000)
  to   space 4608K, 0% used [0x00000000d6080000,0x00000000d6080000,0x00000000d6500000)
 ParOldGen       total 988672K, used 988631K [0x0000000080000000, 0x00000000bc580000, 0x00000000d5580000)
  object space 988672K, 99% used [0x0000000080000000,0x00000000bc575f30,0x00000000bc580000)
 Metaspace       used 73457K, committed 75136K, reserved 1179648K
  class space    used 7394K, committed 8128K, reserved 1048576K
}
Event: 3717.130 GC heap after
{Heap after GC invocations=764 (full 4):
 PSYoungGen      total 12800K, used 832K [0x00000000d5580000, 0x00000000d6780000, 0x0000000100000000)
  eden space 8192K, 0% used [0x00000000d5580000,0x00000000d5580000,0x00000000d5d80000)
  from space 4608K, 18% used [0x00000000d6080000,0x00000000d6150020,0x00000000d6500000)
  to   space 2048K, 0% used [0x00000000d6580000,0x00000000d6580000,0x00000000d6780000)
 ParOldGen       total 990720K, used 990661K [0x0000000080000000, 0x00000000bc780000, 0x00000000d5580000)
  object space 990720K, 99% used [0x0000000080000000,0x00000000bc771790,0x00000000bc780000)
 Metaspace       used 73457K, committed 75136K, reserved 1179648K
  class space    used 7394K, committed 8128K, reserved 1048576K
}
Event: 3717.144 GC heap before
{Heap before GC invocations=765 (full 4):
 PSYoungGen      total 12800K, used 9024K [0x00000000d5580000, 0x00000000d6780000, 0x0000000100000000)
  eden space 8192K, 100% used [0x00000000d5580000,0x00000000d5d80000,0x00000000d5d80000)
  from space 4608K, 18% used [0x00000000d6080000,0x00000000d6150020,0x00000000d6500000)
  to   space 2048K, 0% used [0x00000000d6580000,0x00000000d6580000,0x00000000d6780000)
 ParOldGen       total 990720K, used 990661K [0x0000000080000000, 0x00000000bc780000, 0x00000000d5580000)
  object space 990720K, 99% used [0x0000000080000000,0x00000000bc771790,0x00000000bc780000)
 Metaspace       used 73457K, committed 75136K, reserved 1179648K
  class space    used 7394K, committed 8128K, reserved 1048576K
}
Event: 3717.146 GC heap after
{Heap after GC invocations=765 (full 4):
 PSYoungGen      total 9216K, used 976K [0x00000000d5580000, 0x00000000d6680000, 0x0000000100000000)
  eden space 8192K, 0% used [0x00000000d5580000,0x00000000d5580000,0x00000000d5d80000)
  from space 1024K, 95% used [0x00000000d6580000,0x00000000d6674030,0x00000000d6680000)
  to   space 1536K, 0% used [0x00000000d6380000,0x00000000d6380000,0x00000000d6500000)
 ParOldGen       total 991744K, used 991405K [0x0000000080000000, 0x00000000bc880000, 0x00000000d5580000)
  object space 991744K, 99% used [0x0000000080000000,0x00000000bc82b7b0,0x00000000bc880000)
 Metaspace       used 73457K, committed 75136K, reserved 1179648K
  class space    used 7394K, committed 8128K, reserved 1048576K
}
Event: 3717.169 GC heap before
{Heap before GC invocations=766 (full 4):
 PSYoungGen      total 9216K, used 9168K [0x00000000d5580000, 0x00000000d6680000, 0x0000000100000000)
  eden space 8192K, 100% used [0x00000000d5580000,0x00000000d5d80000,0x00000000d5d80000)
  from space 1024K, 95% used [0x00000000d6580000,0x00000000d6674030,0x00000000d6680000)
  to   space 1536K, 0% used [0x00000000d6380000,0x00000000d6380000,0x00000000d6500000)
 ParOldGen       total 991744K, used 991405K [0x0000000080000000, 0x00000000bc880000, 0x00000000d5580000)
  object space 991744K, 99% used [0x0000000080000000,0x00000000bc82b7b0,0x00000000bc880000)
 Metaspace       used 73457K, committed 75136K, reserved 1179648K
  class space    used 7394K, committed 8128K, reserved 1048576K
}
Event: 3717.171 GC heap after
{Heap after GC invocations=766 (full 4):
 PSYoungGen      total 9728K, used 1104K [0x00000000d5580000, 0x00000000d6600000, 0x0000000100000000)
  eden space 8192K, 0% used [0x00000000d5580000,0x00000000d5580000,0x00000000d5d80000)
  from space 1536K, 71% used [0x00000000d6380000,0x00000000d64943b0,0x00000000d6500000)
  to   space 1024K, 0% used [0x00000000d6500000,0x00000000d6500000,0x00000000d6600000)
 ParOldGen       total 992256K, used 992234K [0x0000000080000000, 0x00000000bc900000, 0x00000000d5580000)
  object space 992256K, 99% used [0x0000000080000000,0x00000000bc8fa820,0x00000000bc900000)
 Metaspace       used 73457K, committed 75136K, reserved 1179648K
  class space    used 7394K, committed 8128K, reserved 1048576K
}
Event: 3717.188 GC heap before
{Heap before GC invocations=767 (full 4):
 PSYoungGen      total 9728K, used 9296K [0x00000000d5580000, 0x00000000d6600000, 0x0000000100000000)
  eden space 8192K, 100% used [0x00000000d5580000,0x00000000d5d80000,0x00000000d5d80000)
  from space 1536K, 71% used [0x00000000d6380000,0x00000000d64943b0,0x00000000d6500000)
  to   space 1024K, 0% used [0x00000000d6500000,0x00000000d6500000,0x00000000d6600000)
 ParOldGen       total 992256K, used 992234K [0x0000000080000000, 0x00000000bc900000, 0x00000000d5580000)
  object space 992256K, 99% used [0x0000000080000000,0x00000000bc8fa820,0x00000000bc900000)
 Metaspace       used 73460K, committed 75136K, reserved 1179648K
  class space    used 7394K, committed 8128K, reserved 1048576K
}
Event: 3717.192 GC heap after
{Heap after GC invocations=767 (full 4):
 PSYoungGen      total 9216K, used 1001K [0x00000000d5580000, 0x00000000d6680000, 0x0000000100000000)
  eden space 8192K, 0% used [0x00000000d5580000,0x00000000d5580000,0x00000000d5d80000)
  from space 1024K, 97% used [0x00000000d6500000,0x00000000d65fa440,0x00000000d6600000)
  to   space 4608K, 0% used [0x00000000d5d80000,0x00000000d5d80000,0x00000000d6200000)
 ParOldGen       total 995328K, used 994923K [0x0000000080000000, 0x00000000bcc00000, 0x00000000d5580000)
  object space 995328K, 99% used [0x0000000080000000,0x00000000bcb9ac20,0x00000000bcc00000)
 Metaspace       used 73460K, committed 75136K, reserved 1179648K
  class space    used 7394K, committed 8128K, reserved 1048576K
}
Event: 3717.206 GC heap before
{Heap before GC invocations=768 (full 4):
 PSYoungGen      total 9216K, used 9193K [0x00000000d5580000, 0x00000000d6680000, 0x0000000100000000)
  eden space 8192K, 100% used [0x00000000d5580000,0x00000000d5d80000,0x00000000d5d80000)
  from space 1024K, 97% used [0x00000000d6500000,0x00000000d65fa440,0x00000000d6600000)
  to   space 4608K, 0% used [0x00000000d5d80000,0x00000000d5d80000,0x00000000d6200000)
 ParOldGen       total 995328K, used 994923K [0x0000000080000000, 0x00000000bcc00000, 0x00000000d5580000)
  object space 995328K, 99% used [0x0000000080000000,0x00000000bcb9ac20,0x00000000bcc00000)
 Metaspace       used 73465K, committed 75136K, reserved 1179648K
  class space    used 7394K, committed 8128K, reserved 1048576K
}

