# JRE version: OpenJDK Runtime Environment Temurin-21.0.10+7 (21.0.10+7) (build 21.0.10+7-LTS)
# Java VM: OpenJDK 64-Bit Server VM Temurin-21.0.10+7 (21.0.10+7-LTS, mixed mode, sharing, tiered, compressed oops, compressed class ptrs, parallel gc, windows-amd64)
GC Precious Log:
 CardTable entry size: 512
 CPUs: 12 total, 12 available
 Memory: 16024M
 Large Page Support: Disabled
 NUMA Support: Disabled
 Compressed Oops: Enabled (32-bit)
 Alignments: Space 512K, Generation 512K, Heap 2M
 Heap Min Capacity: 100M
 Heap Initial Capacity: 100M
 Heap Max Capacity: 2G
 Pre-touch: Disabled
 Parallel Workers: 10
Heap:
 PSYoungGen      total 22016K, used 12945K [0x00000000d5580000, 0x00000000d6d00000, 0x0000000100000000)
  eden space 19968K, 56% used [0x00000000d5580000,0x00000000d609c4d8,0x00000000d6900000)
  from space 2048K, 76% used [0x00000000d6900000,0x00000000d6a88000,0x00000000d6b00000)
  to   space 2048K, 0% used [0x00000000d6b00000,0x00000000d6b00000,0x00000000d6d00000)
 ParOldGen       total 68608K, used 39595K [0x0000000080000000, 0x0000000084300000, 0x00000000d5580000)
  object space 68608K, 57% used [0x0000000080000000,0x00000000826aae80,0x0000000084300000)
 Metaspace       used 50611K, committed 51840K, reserved 1114112K
  class space    used 5445K, committed 5952K, reserved 1048576K
GC Heap History (20 events):
Event: 7.840 GC heap before
{Heap before GC invocations=26 (full 2):
 PSYoungGen      total 24064K, used 23648K [0x00000000d5580000, 0x00000000d7100000, 0x0000000100000000)
  eden space 19968K, 100% used [0x00000000d5580000,0x00000000d6900000,0x00000000d6900000)
  from space 4096K, 89% used [0x00000000d6980000,0x00000000d6d18000,0x00000000d6d80000)
  to   space 3584K, 0% used [0x00000000d6d80000,0x00000000d6d80000,0x00000000d7100000)
 ParOldGen       total 68608K, used 26920K [0x0000000080000000, 0x0000000084300000, 0x00000000d5580000)
  object space 68608K, 39% used [0x0000000080000000,0x0000000081a4a3f8,0x0000000084300000)
 Metaspace       used 44286K, committed 45376K, reserved 1114112K
  class space    used 4812K, committed 5312K, reserved 1048576K
}
Event: 7.842 GC heap after
{Heap after GC invocations=26 (full 2):
 PSYoungGen      total 23552K, used 3584K [0x00000000d5580000, 0x00000000d7200000, 0x0000000100000000)
  eden space 19968K, 0% used [0x00000000d5580000,0x00000000d5580000,0x00000000d6900000)
  from space 3584K, 100% used [0x00000000d6d80000,0x00000000d7100000,0x00000000d7100000)
  to   space 4608K, 0% used [0x00000000d6900000,0x00000000d6900000,0x00000000d6d80000)
 ParOldGen       total 68608K, used 27767K [0x0000000080000000, 0x0000000084300000, 0x00000000d5580000)
  object space 68608K, 40% used [0x0000000080000000,0x0000000081b1df98,0x0000000084300000)
 Metaspace       used 44286K, committed 45376K, reserved 1114112K
  class space    used 4812K, committed 5312K, reserved 1048576K
}
Event: 8.316 GC heap before
{Heap before GC invocations=27 (full 2):
 PSYoungGen      total 23552K, used 23548K [0x00000000d5580000, 0x00000000d7200000, 0x0000000100000000)
  eden space 19968K, 99% used [0x00000000d5580000,0x00000000d68ff228,0x00000000d6900000)
  from space 3584K, 100% used [0x00000000d6d80000,0x00000000d7100000,0x00000000d7100000)
  to   space 4608K, 0% used [0x00000000d6900000,0x00000000d6900000,0x00000000d6d80000)
 ParOldGen       total 68608K, used 27767K [0x0000000080000000, 0x0000000084300000, 0x00000000d5580000)
  object space 68608K, 40% used [0x0000000080000000,0x0000000081b1df98,0x0000000084300000)
 Metaspace       used 45123K, committed 46272K, reserved 1114112K
  class space    used 4900K, committed 5440K, reserved 1048576K
}
Event: 8.319 GC heap after
{Heap after GC invocations=27 (full 2):
 PSYoungGen      total 20992K, used 794K [0x00000000d5580000, 0x00000000d6e00000, 0x0000000100000000)
  eden space 19968K, 0% used [0x00000000d5580000,0x00000000d5580000,0x00000000d6900000)
  from space 1024K, 77% used [0x00000000d6900000,0x00000000d69c6960,0x00000000d6a00000)
  to   space 2560K, 0% used [0x00000000d6b80000,0x00000000d6b80000,0x00000000d6e00000)
 ParOldGen       total 68608K, used 28148K [0x0000000080000000, 0x0000000084300000, 0x00000000d5580000)
  object space 68608K, 41% used [0x0000000080000000,0x0000000081b7d010,0x0000000084300000)
 Metaspace       used 45123K, committed 46272K, reserved 1114112K
  class space    used 4900K, committed 5440K, reserved 1048576K
}
Event: 9.152 GC heap before
{Heap before GC invocations=28 (full 2):
 PSYoungGen      total 20992K, used 20762K [0x00000000d5580000, 0x00000000d6e00000, 0x0000000100000000)
  eden space 19968K, 100% used [0x00000000d5580000,0x00000000d6900000,0x00000000d6900000)
  from space 1024K, 77% used [0x00000000d6900000,0x00000000d69c6960,0x00000000d6a00000)
  to   space 2560K, 0% used [0x00000000d6b80000,0x00000000d6b80000,0x00000000d6e00000)
 ParOldGen       total 68608K, used 28148K [0x0000000080000000, 0x0000000084300000, 0x00000000d5580000)
  object space 68608K, 41% used [0x0000000080000000,0x0000000081b7d010,0x0000000084300000)
 Metaspace       used 47496K, committed 48576K, reserved 1114112K
  class space    used 5152K, committed 5568K, reserved 1048576K
}
Event: 9.154 GC heap after
{Heap after GC invocations=28 (full 2):
 PSYoungGen      total 22528K, used 2141K [0x00000000d5580000, 0x00000000d6e00000, 0x0000000100000000)
  eden space 19968K, 0% used [0x00000000d5580000,0x00000000d5580000,0x00000000d6900000)
  from space 2560K, 83% used [0x00000000d6b80000,0x00000000d6d974d0,0x00000000d6e00000)
  to   space 2560K, 0% used [0x00000000d6900000,0x00000000d6900000,0x00000000d6b80000)
 ParOldGen       total 68608K, used 28822K [0x0000000080000000, 0x0000000084300000, 0x00000000d5580000)
  object space 68608K, 42% used [0x0000000080000000,0x0000000081c25858,0x0000000084300000)
 Metaspace       used 47496K, committed 48576K, reserved 1114112K
  class space    used 5152K, committed 5568K, reserved 1048576K
}
Event: 9.604 GC heap before
{Heap before GC invocations=29 (full 2):
 PSYoungGen      total 22528K, used 22109K [0x00000000d5580000, 0x00000000d6e00000, 0x0000000100000000)
  eden space 19968K, 100% used [0x00000000d5580000,0x00000000d6900000,0x00000000d6900000)
  from space 2560K, 83% used [0x00000000d6b80000,0x00000000d6d974d0,0x00000000d6e00000)
  to   space 2560K, 0% used [0x00000000d6900000,0x00000000d6900000,0x00000000d6b80000)
 ParOldGen       total 68608K, used 28822K [0x0000000080000000, 0x0000000084300000, 0x00000000d5580000)
  object space 68608K, 42% used [0x0000000080000000,0x0000000081c25858,0x0000000084300000)
 Metaspace       used 47754K, committed 48832K, reserved 1114112K
  class space    used 5157K, committed 5632K, reserved 1048576K
}
Event: 9.607 GC heap after
{Heap after GC invocations=29 (full 2):
 PSYoungGen      total 22528K, used 2400K [0x00000000d5580000, 0x00000000d6e00000, 0x0000000100000000)
  eden space 19968K, 0% used [0x00000000d5580000,0x00000000d5580000,0x00000000d6900000)
  from space 2560K, 93% used [0x00000000d6900000,0x00000000d6b58000,0x00000000d6b80000)
  to   space 2560K, 0% used [0x00000000d6b80000,0x00000000d6b80000,0x00000000d6e00000)
 ParOldGen       total 68608K, used 30751K [0x0000000080000000, 0x0000000084300000, 0x00000000d5580000)
  object space 68608K, 44% used [0x0000000080000000,0x0000000081e07dc0,0x0000000084300000)
 Metaspace       used 47754K, committed 48832K, reserved 1114112K
  class space    used 5157K, committed 5632K, reserved 1048576K
}
Event: 9.962 GC heap before
{Heap before GC invocations=30 (full 2):
 PSYoungGen      total 22528K, used 22368K [0x00000000d5580000, 0x00000000d6e00000, 0x0000000100000000)
  eden space 19968K, 100% used [0x00000000d5580000,0x00000000d6900000,0x00000000d6900000)
  from space 2560K, 93% used [0x00000000d6900000,0x00000000d6b58000,0x00000000d6b80000)
  to   space 2560K, 0% used [0x00000000d6b80000,0x00000000d6b80000,0x00000000d6e00000)
 ParOldGen       total 68608K, used 30751K [0x0000000080000000, 0x0000000084300000, 0x00000000d5580000)
  object space 68608K, 44% used [0x0000000080000000,0x0000000081e07dc0,0x0000000084300000)
 Metaspace       used 47981K, committed 49088K, reserved 1114112K
  class space    used 5157K, committed 5632K, reserved 1048576K
}
Event: 9.964 GC heap after
{Heap after GC invocations=30 (full 2):
 PSYoungGen      total 21504K, used 1280K [0x00000000d5580000, 0x00000000d6d00000, 0x0000000100000000)
  eden space 19968K, 0% used [0x00000000d5580000,0x00000000d5580000,0x00000000d6900000)
  from space 1536K, 83% used [0x00000000d6b80000,0x00000000d6cc0000,0x00000000d6d00000)
  to   space 2048K, 0% used [0x00000000d6900000,0x00000000d6900000,0x00000000d6b00000)
 ParOldGen       total 68608K, used 32861K [0x0000000080000000, 0x0000000084300000, 0x00000000d5580000)
  object space 68608K, 47% used [0x0000000080000000,0x00000000820174e8,0x0000000084300000)
 Metaspace       used 47981K, committed 49088K, reserved 1114112K
  class space    used 5157K, committed 5632K, reserved 1048576K
}
Event: 10.386 GC heap before
{Heap before GC invocations=31 (full 2):
 PSYoungGen      total 21504K, used 21248K [0x00000000d5580000, 0x00000000d6d00000, 0x0000000100000000)
  eden space 19968K, 100% used [0x00000000d5580000,0x00000000d6900000,0x00000000d6900000)
  from space 1536K, 83% used [0x00000000d6b80000,0x00000000d6cc0000,0x00000000d6d00000)
  to   space 2048K, 0% used [0x00000000d6900000,0x00000000d6900000,0x00000000d6b00000)
 ParOldGen       total 68608K, used 32861K [0x0000000080000000, 0x0000000084300000, 0x00000000d5580000)
  object space 68608K, 47% used [0x0000000080000000,0x00000000820174e8,0x0000000084300000)
 Metaspace       used 48948K, committed 50112K, reserved 1114112K
  class space    used 5300K, committed 5824K, reserved 1048576K
}
Event: 10.389 GC heap after
{Heap after GC invocations=31 (full 2):
 PSYoungGen      total 22016K, used 1968K [0x00000000d5580000, 0x00000000d6e00000, 0x0000000100000000)
  eden space 19968K, 0% used [0x00000000d5580000,0x00000000d5580000,0x00000000d6900000)
  from space 2048K, 96% used [0x00000000d6900000,0x00000000d6aec020,0x00000000d6b00000)
  to   space 2560K, 0% used [0x00000000d6b80000,0x00000000d6b80000,0x00000000d6e00000)
 ParOldGen       total 68608K, used 34754K [0x0000000080000000, 0x0000000084300000, 0x00000000d5580000)
  object space 68608K, 50% used [0x0000000080000000,0x00000000821f09f8,0x0000000084300000)
 Metaspace       used 48948K, committed 50112K, reserved 1114112K
  class space    used 5300K, committed 5824K, reserved 1048576K
}
Event: 10.745 GC heap before
{Heap before GC invocations=32 (full 2):
 PSYoungGen      total 22016K, used 21936K [0x00000000d5580000, 0x00000000d6e00000, 0x0000000100000000)
  eden space 19968K, 100% used [0x00000000d5580000,0x00000000d6900000,0x00000000d6900000)
  from space 2048K, 96% used [0x00000000d6900000,0x00000000d6aec020,0x00000000d6b00000)
  to   space 2560K, 0% used [0x00000000d6b80000,0x00000000d6b80000,0x00000000d6e00000)
 ParOldGen       total 68608K, used 34754K [0x0000000080000000, 0x0000000084300000, 0x00000000d5580000)
  object space 68608K, 50% used [0x0000000080000000,0x00000000821f09f8,0x0000000084300000)
 Metaspace       used 50004K, committed 51264K, reserved 1114112K
  class space    used 5415K, committed 5952K, reserved 1048576K
}
Event: 10.747 GC heap after
{Heap after GC invocations=32 (full 2):
 PSYoungGen      total 22016K, used 1863K [0x00000000d5580000, 0x00000000d6d80000, 0x0000000100000000)
  eden space 19968K, 0% used [0x00000000d5580000,0x00000000d5580000,0x00000000d6900000)
  from space 2048K, 91% used [0x00000000d6b80000,0x00000000d6d51f90,0x00000000d6d80000)
  to   space 2048K, 0% used [0x00000000d6900000,0x00000000d6900000,0x00000000d6b00000)
 ParOldGen       total 68608K, used 36019K [0x0000000080000000, 0x0000000084300000, 0x00000000d5580000)
  object space 68608K, 52% used [0x0000000080000000,0x000000008232cc90,0x0000000084300000)
 Metaspace       used 50004K, committed 51264K, reserved 1114112K
  class space    used 5415K, committed 5952K, reserved 1048576K
}
Event: 10.800 GC heap before
{Heap before GC invocations=33 (full 2):
 PSYoungGen      total 22016K, used 21831K [0x00000000d5580000, 0x00000000d6d80000, 0x0000000100000000)
  eden space 19968K, 100% used [0x00000000d5580000,0x00000000d6900000,0x00000000d6900000)
  from space 2048K, 91% used [0x00000000d6b80000,0x00000000d6d51f90,0x00000000d6d80000)
  to   space 2048K, 0% used [0x00000000d6900000,0x00000000d6900000,0x00000000d6b00000)
 ParOldGen       total 68608K, used 36019K [0x0000000080000000, 0x0000000084300000, 0x00000000d5580000)
  object space 68608K, 52% used [0x0000000080000000,0x000000008232cc90,0x0000000084300000)
 Metaspace       used 50039K, committed 51328K, reserved 1114112K
  class space    used 5415K, committed 5952K, reserved 1048576K
}
Event: 10.803 GC heap after
{Heap after GC invocations=33 (full 2):
 PSYoungGen      total 22016K, used 1936K [0x00000000d5580000, 0x00000000d6d00000, 0x0000000100000000)
  eden space 19968K, 0% used [0x00000000d5580000,0x00000000d5580000,0x00000000d6900000)
  from space 2048K, 94% used [0x00000000d6900000,0x00000000d6ae4030,0x00000000d6b00000)
  to   space 2048K, 0% used [0x00000000d6b00000,0x00000000d6b00000,0x00000000d6d00000)
 ParOldGen       total 68608K, used 37557K [0x0000000080000000, 0x0000000084300000, 0x00000000d5580000)
  object space 68608K, 54% used [0x0000000080000000,0x00000000824ad768,0x0000000084300000)
 Metaspace       used 50039K, committed 51328K, reserved 1114112K
  class space    used 5415K, committed 5952K, reserved 1048576K
}
Event: 10.858 GC heap before
{Heap before GC invocations=34 (full 2):
 PSYoungGen      total 22016K, used 21894K [0x00000000d5580000, 0x00000000d6d00000, 0x0000000100000000)
  eden space 19968K, 99% used [0x00000000d5580000,0x00000000d68fd8e0,0x00000000d6900000)
  from space 2048K, 94% used [0x00000000d6900000,0x00000000d6ae4030,0x00000000d6b00000)
  to   space 2048K, 0% used [0x00000000d6b00000,0x00000000d6b00000,0x00000000d6d00000)
 ParOldGen       total 68608K, used 37557K [0x0000000080000000, 0x0000000084300000, 0x00000000d5580000)
  object space 68608K, 54% used [0x0000000080000000,0x00000000824ad768,0x0000000084300000)
 Metaspace       used 50138K, committed 51392K, reserved 1114112K
  class space    used 5416K, committed 5952K, reserved 1048576K
}
Event: 10.860 GC heap after
{Heap after GC invocations=34 (full 2):
 PSYoungGen      total 22016K, used 1440K [0x00000000d5580000, 0x00000000d6d00000, 0x0000000100000000)
  eden space 19968K, 0% used [0x00000000d5580000,0x00000000d5580000,0x00000000d6900000)
  from space 2048K, 70% used [0x00000000d6b00000,0x00000000d6c68020,0x00000000d6d00000)
  to   space 2048K, 0% used [0x00000000d6900000,0x00000000d6900000,0x00000000d6b00000)
 ParOldGen       total 68608K, used 38605K [0x0000000080000000, 0x0000000084300000, 0x00000000d5580000)
  object space 68608K, 56% used [0x0000000080000000,0x00000000825b3768,0x0000000084300000)
 Metaspace       used 50138K, committed 51392K, reserved 1114112K
  class space    used 5416K, committed 5952K, reserved 1048576K
}
Event: 10.909 GC heap before
{Heap before GC invocations=35 (full 2):
 PSYoungGen      total 22016K, used 21408K [0x00000000d5580000, 0x00000000d6d00000, 0x0000000100000000)
  eden space 19968K, 100% used [0x00000000d5580000,0x00000000d6900000,0x00000000d6900000)
  from space 2048K, 70% used [0x00000000d6b00000,0x00000000d6c68020,0x00000000d6d00000)
  to   space 2048K, 0% used [0x00000000d6900000,0x00000000d6900000,0x00000000d6b00000)
 ParOldGen       total 68608K, used 38605K [0x0000000080000000, 0x0000000084300000, 0x00000000d5580000)
  object space 68608K, 56% used [0x0000000080000000,0x00000000825b3768,0x0000000084300000)
 Metaspace       used 50216K, committed 51456K, reserved 1114112K
  class space    used 5416K, committed 5952K, reserved 1048576K
}
Event: 10.911 GC heap after
{Heap after GC invocations=35 (full 2):
 PSYoungGen      total 22016K, used 1568K [0x00000000d5580000, 0x00000000d6d00000, 0x0000000100000000)
  eden space 19968K, 0% used [0x00000000d5580000,0x00000000d5580000,0x00000000d6900000)
  from space 2048K, 76% used [0x00000000d6900000,0x00000000d6a88000,0x00000000d6b00000)
  to   space 2048K, 0% used [0x00000000d6b00000,0x00000000d6b00000,0x00000000d6d00000)
 ParOldGen       total 68608K, used 39595K [0x0000000080000000, 0x0000000084300000, 0x00000000d5580000)
  object space 68608K, 57% used [0x0000000080000000,0x00000000826aae80,0x0000000084300000)
 Metaspace       used 50216K, committed 51456K, reserved 1114112K
  class space    used 5416K, committed 5952K, reserved 1048576K
}

